2019-03-25 17:39:55,321 INFO  main                             com.alipay.sofa.rpc.registry.local.LocalRegistryHelper - Load backup file from C:\Users\yin\localFileRegistry\localRegistry.reg
2019-03-25 17:40:05,794 INFO  main                             com.alipay.sofa.rpc.registry.local.LocalRegistry - RPC-00205: RPC 服务[com.example.service.PersonService:1.0@rest]发布开始 
2019-03-25 17:40:05,795 INFO  main                             com.alipay.sofa.rpc.registry.local.LocalRegistry - RPC-00201: 发布 RPC 服务：服务名[com.example.service.PersonService:1.0@rest] 
2019-03-25 17:40:05,818 INFO  main                             com.alipay.sofa.rpc.registry.local.LocalRegistryHelper - Write backup file to C:\Users\yin\localFileRegistry\localRegistry.reg
2019-03-25 17:40:07,385 INFO  SOFA-LocalRegistry-Back-Load-6-T1 com.alipay.sofa.rpc.registry.local.LocalRegistryHelper - Load backup file from C:\Users\yin\localFileRegistry\localRegistry.reg
2019-03-25 17:40:09,323 INFO  main                             com.alipay.sofa.rpc.registry.local.LocalRegistry - RPC-00206: RPC 服务[com.example.service.PersonService:1.0@rest]发布结束 
2019-03-25 17:40:09,324 INFO  main                             com.alipay.sofa.rpc.registry.local.LocalRegistry - RPC-00205: RPC 服务[com.example.service.impl.HelloSynService:1.0@DEFAULT]发布开始 
2019-03-25 17:40:09,324 INFO  main                             com.alipay.sofa.rpc.registry.local.LocalRegistry - RPC-00201: 发布 RPC 服务：服务名[com.example.service.impl.HelloSynService:1.0@DEFAULT] 
2019-03-25 17:40:09,333 INFO  main                             com.alipay.sofa.rpc.registry.local.LocalRegistryHelper - Write backup file to C:\Users\yin\localFileRegistry\localRegistry.reg
2019-03-25 17:40:09,402 INFO  SOFA-LocalRegistry-Back-Load-6-T1 com.alipay.sofa.rpc.registry.local.LocalRegistryHelper - Load backup file from C:\Users\yin\localFileRegistry\localRegistry.reg
2019-03-25 17:40:09,436 INFO  main                             com.alipay.sofa.rpc.registry.local.LocalRegistry - RPC-00206: RPC 服务[com.example.service.impl.HelloSynService:1.0@DEFAULT]发布结束 
2019-03-25 17:40:09,437 INFO  main                             com.alipay.sofa.rpc.registry.local.LocalRegistry - RPC-00205: RPC 服务[com.example.service.SimpleRestService:1.0@rest]发布开始 
2019-03-25 17:40:09,437 INFO  main                             com.alipay.sofa.rpc.registry.local.LocalRegistry - RPC-00201: 发布 RPC 服务：服务名[com.example.service.SimpleRestService:1.0@rest] 
2019-03-25 17:40:09,452 INFO  main                             com.alipay.sofa.rpc.registry.local.LocalRegistryHelper - Write backup file to C:\Users\yin\localFileRegistry\localRegistry.reg
2019-03-25 17:40:09,453 INFO  main                             com.alipay.sofa.rpc.registry.local.LocalRegistry - RPC-00206: RPC 服务[com.example.service.SimpleRestService:1.0@rest]发布结束 
2019-03-25 17:40:09,453 INFO  main                             com.alipay.sofa.rpc.registry.local.LocalRegistry - RPC-00205: RPC 服务[com.example.service.PersonService:1.0@DEFAULT]发布开始 
2019-03-25 17:40:09,453 INFO  main                             com.alipay.sofa.rpc.registry.local.LocalRegistry - RPC-00201: 发布 RPC 服务：服务名[com.example.service.PersonService:1.0@DEFAULT] 
2019-03-25 17:40:09,462 INFO  main                             com.alipay.sofa.rpc.registry.local.LocalRegistryHelper - Write backup file to C:\Users\yin\localFileRegistry\localRegistry.reg
2019-03-25 17:40:09,564 INFO  main                             com.alipay.sofa.rpc.registry.local.LocalRegistry - RPC-00206: RPC 服务[com.example.service.PersonService:1.0@DEFAULT]发布结束 
2019-03-25 17:40:09,565 INFO  main                             com.alipay.sofa.rpc.registry.local.LocalRegistry - RPC-00205: RPC 服务[com.example.service.DemoService:1.0@DEFAULT]发布开始 
2019-03-25 17:40:09,565 INFO  main                             com.alipay.sofa.rpc.registry.local.LocalRegistry - RPC-00201: 发布 RPC 服务：服务名[com.example.service.DemoService:1.0@DEFAULT] 
2019-03-25 17:40:09,579 INFO  main                             com.alipay.sofa.rpc.registry.local.LocalRegistryHelper - Write backup file to C:\Users\yin\localFileRegistry\localRegistry.reg
2019-03-25 17:40:09,580 INFO  main                             com.alipay.sofa.rpc.registry.local.LocalRegistry - RPC-00206: RPC 服务[com.example.service.DemoService:1.0@DEFAULT]发布结束 
2019-03-25 17:40:11,507 INFO  SOFA-LocalRegistry-Back-Load-6-T1 com.alipay.sofa.rpc.registry.local.LocalRegistryHelper - Load backup file from C:\Users\yin\localFileRegistry\localRegistry.reg
2019-03-25 17:40:54,724 INFO  SOFA-RPC-ShutdownHook            com.alipay.sofa.rpc.registry.local.LocalRegistryHelper - Write backup file to C:\Users\yin\localFileRegistry\localRegistry.reg
2019-03-25 17:40:54,727 INFO  SOFA-RPC-ShutdownHook            com.alipay.sofa.rpc.registry.local.LocalRegistry - RPC-00203: 注销 RPC 服务：服务名[com.example.service.PersonService:1.0@DEFAULT]	数量[1] 
2019-03-25 17:40:54,735 INFO  Thread-5                         com.alipay.sofa.rpc.registry.local.LocalRegistryHelper - Write backup file to C:\Users\yin\localFileRegistry\localRegistry.reg
2019-03-25 17:40:54,737 INFO  Thread-5                         com.alipay.sofa.rpc.registry.local.LocalRegistry - RPC-00203: 注销 RPC 服务：服务名[com.example.service.PersonService:1.0@rest]	数量[1] 
2019-03-25 17:40:54,743 INFO  SOFA-RPC-ShutdownHook            com.alipay.sofa.rpc.registry.local.LocalRegistryHelper - Write backup file to C:\Users\yin\localFileRegistry\localRegistry.reg
2019-03-25 17:40:54,743 INFO  SOFA-RPC-ShutdownHook            com.alipay.sofa.rpc.registry.local.LocalRegistry - RPC-00203: 注销 RPC 服务：服务名[com.example.service.SimpleRestService:1.0@rest]	数量[1] 
2019-03-25 17:40:54,750 INFO  Thread-5                         com.alipay.sofa.rpc.registry.local.LocalRegistryHelper - Write backup file to C:\Users\yin\localFileRegistry\localRegistry.reg
2019-03-25 17:40:54,753 INFO  Thread-5                         com.alipay.sofa.rpc.registry.local.LocalRegistry - RPC-00203: 注销 RPC 服务：服务名[com.example.service.impl.HelloSynService:1.0@DEFAULT]	数量[1] 
2019-03-25 17:40:54,759 INFO  SOFA-RPC-ShutdownHook            com.alipay.sofa.rpc.registry.local.LocalRegistryHelper - Write backup file to C:\Users\yin\localFileRegistry\localRegistry.reg
2019-03-25 17:40:54,760 INFO  SOFA-RPC-ShutdownHook            com.alipay.sofa.rpc.registry.local.LocalRegistry - RPC-00203: 注销 RPC 服务：服务名[com.example.service.DemoService:1.0@DEFAULT]	数量[1] 
2019-03-25 17:40:54,765 INFO  SOFA-RPC-ShutdownHook            com.alipay.sofa.rpc.registry.local.LocalRegistryHelper - Write backup file to C:\Users\yin\localFileRegistry\localRegistry.reg
2019-03-25 17:40:54,766 INFO  SOFA-RPC-ShutdownHook            com.alipay.sofa.rpc.registry.local.LocalRegistry - RPC-00203: 注销 RPC 服务：服务名[com.example.service.impl.HelloSynService:1.0@DEFAULT]	数量[1] 
2019-03-25 17:40:54,771 INFO  Thread-5                         com.alipay.sofa.rpc.registry.local.LocalRegistryHelper - Write backup file to C:\Users\yin\localFileRegistry\localRegistry.reg
2019-03-25 17:40:54,772 INFO  Thread-5                         com.alipay.sofa.rpc.registry.local.LocalRegistry - RPC-00203: 注销 RPC 服务：服务名[com.example.service.SimpleRestService:1.0@rest]	数量[1] 
2019-03-25 17:40:54,779 INFO  SOFA-RPC-ShutdownHook            com.alipay.sofa.rpc.registry.local.LocalRegistryHelper - Write backup file to C:\Users\yin\localFileRegistry\localRegistry.reg
2019-03-25 17:40:54,780 INFO  SOFA-RPC-ShutdownHook            com.alipay.sofa.rpc.registry.local.LocalRegistry - RPC-00203: 注销 RPC 服务：服务名[com.example.service.PersonService:1.0@rest]	数量[1] 
2019-03-25 17:40:54,791 INFO  Thread-5                         com.alipay.sofa.rpc.registry.local.LocalRegistryHelper - Write backup file to C:\Users\yin\localFileRegistry\localRegistry.reg
2019-03-25 17:40:54,792 INFO  Thread-5                         com.alipay.sofa.rpc.registry.local.LocalRegistry - RPC-00203: 注销 RPC 服务：服务名[com.example.service.PersonService:1.0@DEFAULT]	数量[1] 
2019-03-25 17:40:54,798 INFO  Thread-5                         com.alipay.sofa.rpc.registry.local.LocalRegistryHelper - Write backup file to C:\Users\yin\localFileRegistry\localRegistry.reg
2019-03-25 17:40:54,799 INFO  Thread-5                         com.alipay.sofa.rpc.registry.local.LocalRegistry - RPC-00203: 注销 RPC 服务：服务名[com.example.service.DemoService:1.0@DEFAULT]	数量[1] 
2019-03-25 17:40:55,555 INFO  SOFA-LocalRegistry-Back-Load-6-T1 com.alipay.sofa.rpc.registry.local.LocalRegistryHelper - Load backup file from C:\Users\yin\localFileRegistry\localRegistry.reg
2019-03-25 17:41:13,899 INFO  main                             com.alipay.sofa.rpc.registry.local.LocalRegistryHelper - Load backup file from C:\Users\yin\localFileRegistry\localRegistry.reg
2019-03-25 17:41:23,882 INFO  main                             com.alipay.sofa.rpc.registry.local.LocalRegistry - RPC-00205: RPC 服务[com.example.service.PersonService:1.0@rest]发布开始 
2019-03-25 17:41:23,884 INFO  main                             com.alipay.sofa.rpc.registry.local.LocalRegistry - RPC-00201: 发布 RPC 服务：服务名[com.example.service.PersonService:1.0@rest] 
2019-03-25 17:41:24,016 INFO  main                             com.alipay.sofa.rpc.registry.local.LocalRegistryHelper - Write backup file to C:\Users\yin\localFileRegistry\localRegistry.reg
2019-03-25 17:41:24,109 INFO  SOFA-LocalRegistry-Back-Load-6-T1 com.alipay.sofa.rpc.registry.local.LocalRegistryHelper - Write backup file to C:\Users\yin\localFileRegistry\localRegistry.reg
2019-03-25 17:41:24,111 INFO  SOFA-LocalRegistry-Back-Load-6-T1 com.alipay.sofa.rpc.registry.local.LocalRegistryHelper - Load backup file from C:\Users\yin\localFileRegistry\localRegistry.reg
2019-03-25 17:41:27,520 INFO  main                             com.alipay.sofa.rpc.registry.local.LocalRegistry - RPC-00206: RPC 服务[com.example.service.PersonService:1.0@rest]发布结束 
2019-03-25 17:41:27,521 INFO  main                             com.alipay.sofa.rpc.registry.local.LocalRegistry - RPC-00205: RPC 服务[com.example.service.impl.HelloSynService:1.0@DEFAULT]发布开始 
2019-03-25 17:41:27,522 INFO  main                             com.alipay.sofa.rpc.registry.local.LocalRegistry - RPC-00201: 发布 RPC 服务：服务名[com.example.service.impl.HelloSynService:1.0@DEFAULT] 
2019-03-25 17:41:27,536 INFO  main                             com.alipay.sofa.rpc.registry.local.LocalRegistryHelper - Write backup file to C:\Users\yin\localFileRegistry\localRegistry.reg
2019-03-25 17:41:27,643 INFO  main                             com.alipay.sofa.rpc.registry.local.LocalRegistry - RPC-00206: RPC 服务[com.example.service.impl.HelloSynService:1.0@DEFAULT]发布结束 
2019-03-25 17:41:27,644 INFO  main                             com.alipay.sofa.rpc.registry.local.LocalRegistry - RPC-00205: RPC 服务[com.example.service.SimpleRestService:1.0@rest]发布开始 
2019-03-25 17:41:27,644 INFO  main                             com.alipay.sofa.rpc.registry.local.LocalRegistry - RPC-00201: 发布 RPC 服务：服务名[com.example.service.SimpleRestService:1.0@rest] 
2019-03-25 17:41:27,660 INFO  main                             com.alipay.sofa.rpc.registry.local.LocalRegistryHelper - Write backup file to C:\Users\yin\localFileRegistry\localRegistry.reg
2019-03-25 17:41:27,660 INFO  main                             com.alipay.sofa.rpc.registry.local.LocalRegistry - RPC-00206: RPC 服务[com.example.service.SimpleRestService:1.0@rest]发布结束 
2019-03-25 17:41:27,660 INFO  main                             com.alipay.sofa.rpc.registry.local.LocalRegistry - RPC-00205: RPC 服务[com.example.service.PersonService:1.0@DEFAULT]发布开始 
2019-03-25 17:41:27,660 INFO  main                             com.alipay.sofa.rpc.registry.local.LocalRegistry - RPC-00201: 发布 RPC 服务：服务名[com.example.service.PersonService:1.0@DEFAULT] 
2019-03-25 17:41:27,670 INFO  main                             com.alipay.sofa.rpc.registry.local.LocalRegistryHelper - Write backup file to C:\Users\yin\localFileRegistry\localRegistry.reg
2019-03-25 17:41:27,772 INFO  main                             com.alipay.sofa.rpc.registry.local.LocalRegistry - RPC-00206: RPC 服务[com.example.service.PersonService:1.0@DEFAULT]发布结束 
2019-03-25 17:41:27,773 INFO  main                             com.alipay.sofa.rpc.registry.local.LocalRegistry - RPC-00205: RPC 服务[com.example.service.DemoService:1.0@DEFAULT]发布开始 
2019-03-25 17:41:27,773 INFO  main                             com.alipay.sofa.rpc.registry.local.LocalRegistry - RPC-00201: 发布 RPC 服务：服务名[com.example.service.DemoService:1.0@DEFAULT] 
2019-03-25 17:41:27,790 INFO  main                             com.alipay.sofa.rpc.registry.local.LocalRegistryHelper - Write backup file to C:\Users\yin\localFileRegistry\localRegistry.reg
2019-03-25 17:41:27,791 INFO  main                             com.alipay.sofa.rpc.registry.local.LocalRegistry - RPC-00206: RPC 服务[com.example.service.DemoService:1.0@DEFAULT]发布结束 
2019-03-25 17:41:29,621 INFO  SOFA-LocalRegistry-Back-Load-6-T1 com.alipay.sofa.rpc.registry.local.LocalRegistryHelper - Load backup file from C:\Users\yin\localFileRegistry\localRegistry.reg
2019-03-25 17:41:35,014 INFO  SOFA-RPC-ShutdownHook            com.alipay.sofa.rpc.registry.local.LocalRegistryHelper - Write backup file to C:\Users\yin\localFileRegistry\localRegistry.reg
2019-03-25 17:41:35,015 INFO  SOFA-RPC-ShutdownHook            com.alipay.sofa.rpc.registry.local.LocalRegistry - RPC-00203: 注销 RPC 服务：服务名[com.example.service.impl.HelloSynService:1.0@DEFAULT]	数量[1] 
2019-03-25 17:41:35,027 INFO  Thread-5                         com.alipay.sofa.rpc.registry.local.LocalRegistryHelper - Write backup file to C:\Users\yin\localFileRegistry\localRegistry.reg
2019-03-25 17:41:35,028 INFO  Thread-5                         com.alipay.sofa.rpc.registry.local.LocalRegistry - RPC-00203: 注销 RPC 服务：服务名[com.example.service.PersonService:1.0@rest]	数量[1] 
2019-03-25 17:41:35,035 INFO  SOFA-RPC-ShutdownHook            com.alipay.sofa.rpc.registry.local.LocalRegistryHelper - Write backup file to C:\Users\yin\localFileRegistry\localRegistry.reg
2019-03-25 17:41:35,060 INFO  SOFA-RPC-ShutdownHook            com.alipay.sofa.rpc.registry.local.LocalRegistry - RPC-00203: 注销 RPC 服务：服务名[com.example.service.PersonService:1.0@DEFAULT]	数量[1] 
2019-03-25 17:41:35,063 INFO  Thread-5                         com.alipay.sofa.rpc.registry.local.LocalRegistryHelper - Write backup file to C:\Users\yin\localFileRegistry\localRegistry.reg
2019-03-25 17:41:35,064 INFO  Thread-5                         com.alipay.sofa.rpc.registry.local.LocalRegistry - RPC-00203: 注销 RPC 服务：服务名[com.example.service.impl.HelloSynService:1.0@DEFAULT]	数量[1] 
2019-03-25 17:41:35,075 INFO  SOFA-RPC-ShutdownHook            com.alipay.sofa.rpc.registry.local.LocalRegistryHelper - Write backup file to C:\Users\yin\localFileRegistry\localRegistry.reg
2019-03-25 17:41:35,076 INFO  SOFA-RPC-ShutdownHook            com.alipay.sofa.rpc.registry.local.LocalRegistry - RPC-00203: 注销 RPC 服务：服务名[com.example.service.DemoService:1.0@DEFAULT]	数量[1] 
2019-03-25 17:41:35,082 INFO  Thread-5                         com.alipay.sofa.rpc.registry.local.LocalRegistryHelper - Write backup file to C:\Users\yin\localFileRegistry\localRegistry.reg
2019-03-25 17:41:35,083 INFO  Thread-5                         com.alipay.sofa.rpc.registry.local.LocalRegistry - RPC-00203: 注销 RPC 服务：服务名[com.example.service.SimpleRestService:1.0@rest]	数量[1] 
2019-03-25 17:41:35,092 INFO  SOFA-RPC-ShutdownHook            com.alipay.sofa.rpc.registry.local.LocalRegistryHelper - Write backup file to C:\Users\yin\localFileRegistry\localRegistry.reg
2019-03-25 17:41:35,092 INFO  SOFA-RPC-ShutdownHook            com.alipay.sofa.rpc.registry.local.LocalRegistry - RPC-00203: 注销 RPC 服务：服务名[com.example.service.PersonService:1.0@rest]	数量[1] 
2019-03-25 17:41:35,098 INFO  Thread-5                         com.alipay.sofa.rpc.registry.local.LocalRegistryHelper - Write backup file to C:\Users\yin\localFileRegistry\localRegistry.reg
2019-03-25 17:41:35,099 INFO  Thread-5                         com.alipay.sofa.rpc.registry.local.LocalRegistry - RPC-00203: 注销 RPC 服务：服务名[com.example.service.PersonService:1.0@DEFAULT]	数量[1] 
2019-03-25 17:41:35,104 INFO  SOFA-RPC-ShutdownHook            com.alipay.sofa.rpc.registry.local.LocalRegistryHelper - Write backup file to C:\Users\yin\localFileRegistry\localRegistry.reg
2019-03-25 17:41:35,105 INFO  SOFA-RPC-ShutdownHook            com.alipay.sofa.rpc.registry.local.LocalRegistry - RPC-00203: 注销 RPC 服务：服务名[com.example.service.SimpleRestService:1.0@rest]	数量[1] 
2019-03-25 17:41:35,115 INFO  Thread-5                         com.alipay.sofa.rpc.registry.local.LocalRegistryHelper - Write backup file to C:\Users\yin\localFileRegistry\localRegistry.reg
2019-03-25 17:41:35,115 INFO  Thread-5                         com.alipay.sofa.rpc.registry.local.LocalRegistry - RPC-00203: 注销 RPC 服务：服务名[com.example.service.DemoService:1.0@DEFAULT]	数量[1] 
2019-03-25 17:41:35,627 INFO  SOFA-LocalRegistry-Back-Load-6-T1 com.alipay.sofa.rpc.registry.local.LocalRegistryHelper - Load backup file from C:\Users\yin\localFileRegistry\localRegistry.reg
2019-03-25 17:41:47,625 INFO  main                             com.alipay.sofa.rpc.registry.local.LocalRegistryHelper - Load backup file from C:\Users\yin\localFileRegistry\localRegistry.reg
2019-03-25 17:41:57,645 INFO  main                             com.alipay.sofa.rpc.registry.local.LocalRegistry - RPC-00205: RPC 服务[com.example.service.PersonService:1.0@rest]发布开始 
2019-03-25 17:41:57,645 INFO  main                             com.alipay.sofa.rpc.registry.local.LocalRegistry - RPC-00201: 发布 RPC 服务：服务名[com.example.service.PersonService:1.0@rest] 
2019-03-25 17:41:57,656 INFO  main                             com.alipay.sofa.rpc.registry.local.LocalRegistryHelper - Write backup file to C:\Users\yin\localFileRegistry\localRegistry.reg
2019-03-25 17:41:59,641 INFO  SOFA-LocalRegistry-Back-Load-6-T1 com.alipay.sofa.rpc.registry.local.LocalRegistryHelper - Load backup file from C:\Users\yin\localFileRegistry\localRegistry.reg
2019-03-25 17:42:01,160 INFO  main                             com.alipay.sofa.rpc.registry.local.LocalRegistry - RPC-00206: RPC 服务[com.example.service.PersonService:1.0@rest]发布结束 
2019-03-25 17:42:01,161 INFO  main                             com.alipay.sofa.rpc.registry.local.LocalRegistry - RPC-00205: RPC 服务[com.example.service.impl.HelloSynService:1.0@DEFAULT]发布开始 
2019-03-25 17:42:01,161 INFO  main                             com.alipay.sofa.rpc.registry.local.LocalRegistry - RPC-00201: 发布 RPC 服务：服务名[com.example.service.impl.HelloSynService:1.0@DEFAULT] 
2019-03-25 17:42:01,181 INFO  main                             com.alipay.sofa.rpc.registry.local.LocalRegistryHelper - Write backup file to C:\Users\yin\localFileRegistry\localRegistry.reg
2019-03-25 17:42:01,290 INFO  main                             com.alipay.sofa.rpc.registry.local.LocalRegistry - RPC-00206: RPC 服务[com.example.service.impl.HelloSynService:1.0@DEFAULT]发布结束 
2019-03-25 17:42:01,290 INFO  main                             com.alipay.sofa.rpc.registry.local.LocalRegistry - RPC-00205: RPC 服务[com.example.service.SimpleRestService:1.0@rest]发布开始 
2019-03-25 17:42:01,290 INFO  main                             com.alipay.sofa.rpc.registry.local.LocalRegistry - RPC-00201: 发布 RPC 服务：服务名[com.example.service.SimpleRestService:1.0@rest] 
2019-03-25 17:42:01,310 INFO  main                             com.alipay.sofa.rpc.registry.local.LocalRegistryHelper - Write backup file to C:\Users\yin\localFileRegistry\localRegistry.reg
2019-03-25 17:42:01,311 INFO  main                             com.alipay.sofa.rpc.registry.local.LocalRegistry - RPC-00206: RPC 服务[com.example.service.SimpleRestService:1.0@rest]发布结束 
2019-03-25 17:42:01,311 INFO  main                             com.alipay.sofa.rpc.registry.local.LocalRegistry - RPC-00205: RPC 服务[com.example.service.PersonService:1.0@DEFAULT]发布开始 
2019-03-25 17:42:01,311 INFO  main                             com.alipay.sofa.rpc.registry.local.LocalRegistry - RPC-00201: 发布 RPC 服务：服务名[com.example.service.PersonService:1.0@DEFAULT] 
2019-03-25 17:42:01,318 INFO  main                             com.alipay.sofa.rpc.registry.local.LocalRegistryHelper - Write backup file to C:\Users\yin\localFileRegistry\localRegistry.reg
2019-03-25 17:42:01,420 INFO  main                             com.alipay.sofa.rpc.registry.local.LocalRegistry - RPC-00206: RPC 服务[com.example.service.PersonService:1.0@DEFAULT]发布结束 
2019-03-25 17:42:01,421 INFO  main                             com.alipay.sofa.rpc.registry.local.LocalRegistry - RPC-00205: RPC 服务[com.example.service.DemoService:1.0@DEFAULT]发布开始 
2019-03-25 17:42:01,421 INFO  main                             com.alipay.sofa.rpc.registry.local.LocalRegistry - RPC-00201: 发布 RPC 服务：服务名[com.example.service.DemoService:1.0@DEFAULT] 
2019-03-25 17:42:01,436 INFO  main                             com.alipay.sofa.rpc.registry.local.LocalRegistryHelper - Write backup file to C:\Users\yin\localFileRegistry\localRegistry.reg
2019-03-25 17:42:01,437 INFO  main                             com.alipay.sofa.rpc.registry.local.LocalRegistry - RPC-00206: RPC 服务[com.example.service.DemoService:1.0@DEFAULT]发布结束 
2019-03-25 17:42:01,674 INFO  SOFA-LocalRegistry-Back-Load-6-T1 com.alipay.sofa.rpc.registry.local.LocalRegistryHelper - Load backup file from C:\Users\yin\localFileRegistry\localRegistry.reg
2019-03-25 17:42:27,815 INFO  SOFA-RPC-ShutdownHook            com.alipay.sofa.rpc.registry.local.LocalRegistryHelper - Write backup file to C:\Users\yin\localFileRegistry\localRegistry.reg
2019-03-25 17:42:27,816 INFO  SOFA-RPC-ShutdownHook            com.alipay.sofa.rpc.registry.local.LocalRegistry - RPC-00203: 注销 RPC 服务：服务名[com.example.service.PersonService:1.0@DEFAULT]	数量[1] 
2019-03-25 17:42:27,826 INFO  Thread-5                         com.alipay.sofa.rpc.registry.local.LocalRegistryHelper - Write backup file to C:\Users\yin\localFileRegistry\localRegistry.reg
2019-03-25 17:42:27,828 INFO  Thread-5                         com.alipay.sofa.rpc.registry.local.LocalRegistry - RPC-00203: 注销 RPC 服务：服务名[com.example.service.PersonService:1.0@rest]	数量[1] 
2019-03-25 17:42:27,836 INFO  SOFA-RPC-ShutdownHook            com.alipay.sofa.rpc.registry.local.LocalRegistryHelper - Write backup file to C:\Users\yin\localFileRegistry\localRegistry.reg
2019-03-25 17:42:27,836 INFO  SOFA-RPC-ShutdownHook            com.alipay.sofa.rpc.registry.local.LocalRegistry - RPC-00203: 注销 RPC 服务：服务名[com.example.service.PersonService:1.0@rest]	数量[1] 
2019-03-25 17:42:27,845 INFO  Thread-5                         com.alipay.sofa.rpc.registry.local.LocalRegistryHelper - Write backup file to C:\Users\yin\localFileRegistry\localRegistry.reg
2019-03-25 17:42:27,849 INFO  Thread-5                         com.alipay.sofa.rpc.registry.local.LocalRegistry - RPC-00203: 注销 RPC 服务：服务名[com.example.service.impl.HelloSynService:1.0@DEFAULT]	数量[1] 
2019-03-25 17:42:27,855 INFO  SOFA-RPC-ShutdownHook            com.alipay.sofa.rpc.registry.local.LocalRegistryHelper - Write backup file to C:\Users\yin\localFileRegistry\localRegistry.reg
2019-03-25 17:42:27,856 INFO  SOFA-RPC-ShutdownHook            com.alipay.sofa.rpc.registry.local.LocalRegistry - RPC-00203: 注销 RPC 服务：服务名[com.example.service.impl.HelloSynService:1.0@DEFAULT]	数量[1] 
2019-03-25 17:42:27,863 INFO  Thread-5                         com.alipay.sofa.rpc.registry.local.LocalRegistryHelper - Write backup file to C:\Users\yin\localFileRegistry\localRegistry.reg
2019-03-25 17:42:27,864 INFO  Thread-5                         com.alipay.sofa.rpc.registry.local.LocalRegistry - RPC-00203: 注销 RPC 服务：服务名[com.example.service.SimpleRestService:1.0@rest]	数量[1] 
2019-03-25 17:42:27,872 INFO  SOFA-RPC-ShutdownHook            com.alipay.sofa.rpc.registry.local.LocalRegistryHelper - Write backup file to C:\Users\yin\localFileRegistry\localRegistry.reg
2019-03-25 17:42:27,873 INFO  SOFA-RPC-ShutdownHook            com.alipay.sofa.rpc.registry.local.LocalRegistry - RPC-00203: 注销 RPC 服务：服务名[com.example.service.DemoService:1.0@DEFAULT]	数量[1] 
2019-03-25 17:42:27,879 INFO  Thread-5                         com.alipay.sofa.rpc.registry.local.LocalRegistryHelper - Write backup file to C:\Users\yin\localFileRegistry\localRegistry.reg
2019-03-25 17:42:27,880 INFO  Thread-5                         com.alipay.sofa.rpc.registry.local.LocalRegistry - RPC-00203: 注销 RPC 服务：服务名[com.example.service.PersonService:1.0@DEFAULT]	数量[1] 
2019-03-25 17:42:27,886 INFO  SOFA-RPC-ShutdownHook            com.alipay.sofa.rpc.registry.local.LocalRegistryHelper - Write backup file to C:\Users\yin\localFileRegistry\localRegistry.reg
2019-03-25 17:42:27,887 INFO  SOFA-RPC-ShutdownHook            com.alipay.sofa.rpc.registry.local.LocalRegistry - RPC-00203: 注销 RPC 服务：服务名[com.example.service.SimpleRestService:1.0@rest]	数量[1] 
2019-03-25 17:42:27,896 INFO  Thread-5                         com.alipay.sofa.rpc.registry.local.LocalRegistryHelper - Write backup file to C:\Users\yin\localFileRegistry\localRegistry.reg
2019-03-25 17:42:27,897 INFO  Thread-5                         com.alipay.sofa.rpc.registry.local.LocalRegistry - RPC-00203: 注销 RPC 服务：服务名[com.example.service.DemoService:1.0@DEFAULT]	数量[1] 
2019-03-25 17:42:29,701 INFO  SOFA-LocalRegistry-Back-Load-6-T1 com.alipay.sofa.rpc.registry.local.LocalRegistryHelper - Load backup file from C:\Users\yin\localFileRegistry\localRegistry.reg
2019-03-25 17:42:56,079 INFO  main                             com.alipay.sofa.rpc.registry.local.LocalRegistryHelper - Load backup file from C:\Users\yin\localFileRegistry\localRegistry.reg
2019-03-25 17:43:08,219 INFO  main                             com.alipay.sofa.rpc.registry.local.LocalRegistry - RPC-00205: RPC 服务[com.example.service.PersonService:1.0@rest]发布开始 
2019-03-25 17:43:08,219 INFO  main                             com.alipay.sofa.rpc.registry.local.LocalRegistry - RPC-00201: 发布 RPC 服务：服务名[com.example.service.PersonService:1.0@rest] 
2019-03-25 17:43:08,240 INFO  main                             com.alipay.sofa.rpc.registry.local.LocalRegistryHelper - Write backup file to C:\Users\yin\localFileRegistry\localRegistry.reg
2019-03-25 17:43:10,124 INFO  SOFA-LocalRegistry-Back-Load-6-T1 com.alipay.sofa.rpc.registry.local.LocalRegistryHelper - Load backup file from C:\Users\yin\localFileRegistry\localRegistry.reg
2019-03-25 17:43:11,743 INFO  main                             com.alipay.sofa.rpc.registry.local.LocalRegistry - RPC-00206: RPC 服务[com.example.service.PersonService:1.0@rest]发布结束 
2019-03-25 17:43:11,744 INFO  main                             com.alipay.sofa.rpc.registry.local.LocalRegistry - RPC-00205: RPC 服务[com.example.service.impl.HelloSynService:1.0@DEFAULT]发布开始 
2019-03-25 17:43:11,744 INFO  main                             com.alipay.sofa.rpc.registry.local.LocalRegistry - RPC-00201: 发布 RPC 服务：服务名[com.example.service.impl.HelloSynService:1.0@DEFAULT] 
2019-03-25 17:43:11,758 INFO  main                             com.alipay.sofa.rpc.registry.local.LocalRegistryHelper - Write backup file to C:\Users\yin\localFileRegistry\localRegistry.reg
2019-03-25 17:43:11,863 INFO  main                             com.alipay.sofa.rpc.registry.local.LocalRegistry - RPC-00206: RPC 服务[com.example.service.impl.HelloSynService:1.0@DEFAULT]发布结束 
2019-03-25 17:43:11,863 INFO  main                             com.alipay.sofa.rpc.registry.local.LocalRegistry - RPC-00205: RPC 服务[com.example.service.SimpleRestService:1.0@rest]发布开始 
2019-03-25 17:43:11,863 INFO  main                             com.alipay.sofa.rpc.registry.local.LocalRegistry - RPC-00201: 发布 RPC 服务：服务名[com.example.service.SimpleRestService:1.0@rest] 
2019-03-25 17:43:11,875 INFO  main                             com.alipay.sofa.rpc.registry.local.LocalRegistryHelper - Write backup file to C:\Users\yin\localFileRegistry\localRegistry.reg
2019-03-25 17:43:11,876 INFO  main                             com.alipay.sofa.rpc.registry.local.LocalRegistry - RPC-00206: RPC 服务[com.example.service.SimpleRestService:1.0@rest]发布结束 
2019-03-25 17:43:11,876 INFO  main                             com.alipay.sofa.rpc.registry.local.LocalRegistry - RPC-00205: RPC 服务[com.example.service.PersonService:1.0@DEFAULT]发布开始 
2019-03-25 17:43:11,876 INFO  main                             com.alipay.sofa.rpc.registry.local.LocalRegistry - RPC-00201: 发布 RPC 服务：服务名[com.example.service.PersonService:1.0@DEFAULT] 
2019-03-25 17:43:11,882 INFO  main                             com.alipay.sofa.rpc.registry.local.LocalRegistryHelper - Write backup file to C:\Users\yin\localFileRegistry\localRegistry.reg
2019-03-25 17:43:11,984 INFO  main                             com.alipay.sofa.rpc.registry.local.LocalRegistry - RPC-00206: RPC 服务[com.example.service.PersonService:1.0@DEFAULT]发布结束 
2019-03-25 17:43:11,985 INFO  main                             com.alipay.sofa.rpc.registry.local.LocalRegistry - RPC-00205: RPC 服务[com.example.service.DemoService:1.0@DEFAULT]发布开始 
2019-03-25 17:43:11,985 INFO  main                             com.alipay.sofa.rpc.registry.local.LocalRegistry - RPC-00201: 发布 RPC 服务：服务名[com.example.service.DemoService:1.0@DEFAULT] 
2019-03-25 17:43:11,998 INFO  main                             com.alipay.sofa.rpc.registry.local.LocalRegistryHelper - Write backup file to C:\Users\yin\localFileRegistry\localRegistry.reg
2019-03-25 17:43:11,999 INFO  main                             com.alipay.sofa.rpc.registry.local.LocalRegistry - RPC-00206: RPC 服务[com.example.service.DemoService:1.0@DEFAULT]发布结束 
2019-03-25 17:43:12,190 INFO  SOFA-LocalRegistry-Back-Load-6-T1 com.alipay.sofa.rpc.registry.local.LocalRegistryHelper - Load backup file from C:\Users\yin\localFileRegistry\localRegistry.reg
2019-03-25 17:43:57,454 INFO  SOFA-RPC-ShutdownHook            com.alipay.sofa.rpc.registry.local.LocalRegistryHelper - Write backup file to C:\Users\yin\localFileRegistry\localRegistry.reg
2019-03-25 17:43:57,455 INFO  SOFA-RPC-ShutdownHook            com.alipay.sofa.rpc.registry.local.LocalRegistry - RPC-00203: 注销 RPC 服务：服务名[com.example.service.SimpleRestService:1.0@rest]	数量[1] 
2019-03-25 17:43:57,467 INFO  Thread-5                         com.alipay.sofa.rpc.registry.local.LocalRegistryHelper - Write backup file to C:\Users\yin\localFileRegistry\localRegistry.reg
2019-03-25 17:43:57,469 INFO  Thread-5                         com.alipay.sofa.rpc.registry.local.LocalRegistry - RPC-00203: 注销 RPC 服务：服务名[com.example.service.PersonService:1.0@rest]	数量[1] 
2019-03-25 17:43:57,475 INFO  SOFA-RPC-ShutdownHook            com.alipay.sofa.rpc.registry.local.LocalRegistryHelper - Write backup file to C:\Users\yin\localFileRegistry\localRegistry.reg
2019-03-25 17:43:57,475 INFO  SOFA-RPC-ShutdownHook            com.alipay.sofa.rpc.registry.local.LocalRegistry - RPC-00203: 注销 RPC 服务：服务名[com.example.service.DemoService:1.0@DEFAULT]	数量[1] 
2019-03-25 17:43:57,486 INFO  Thread-5                         com.alipay.sofa.rpc.registry.local.LocalRegistryHelper - Write backup file to C:\Users\yin\localFileRegistry\localRegistry.reg
2019-03-25 17:43:57,487 INFO  Thread-5                         com.alipay.sofa.rpc.registry.local.LocalRegistry - RPC-00203: 注销 RPC 服务：服务名[com.example.service.impl.HelloSynService:1.0@DEFAULT]	数量[1] 
2019-03-25 17:43:57,495 INFO  SOFA-RPC-ShutdownHook            com.alipay.sofa.rpc.registry.local.LocalRegistryHelper - Write backup file to C:\Users\yin\localFileRegistry\localRegistry.reg
2019-03-25 17:43:57,496 INFO  SOFA-RPC-ShutdownHook            com.alipay.sofa.rpc.registry.local.LocalRegistry - RPC-00203: 注销 RPC 服务：服务名[com.example.service.PersonService:1.0@rest]	数量[1] 
2019-03-25 17:43:57,504 INFO  Thread-5                         com.alipay.sofa.rpc.registry.local.LocalRegistryHelper - Write backup file to C:\Users\yin\localFileRegistry\localRegistry.reg
2019-03-25 17:43:57,505 INFO  Thread-5                         com.alipay.sofa.rpc.registry.local.LocalRegistry - RPC-00203: 注销 RPC 服务：服务名[com.example.service.SimpleRestService:1.0@rest]	数量[1] 
2019-03-25 17:43:57,512 INFO  SOFA-RPC-ShutdownHook            com.alipay.sofa.rpc.registry.local.LocalRegistryHelper - Write backup file to C:\Users\yin\localFileRegistry\localRegistry.reg
2019-03-25 17:43:57,512 INFO  SOFA-RPC-ShutdownHook            com.alipay.sofa.rpc.registry.local.LocalRegistry - RPC-00203: 注销 RPC 服务：服务名[com.example.service.impl.HelloSynService:1.0@DEFAULT]	数量[1] 
2019-03-25 17:43:57,518 INFO  Thread-5                         com.alipay.sofa.rpc.registry.local.LocalRegistryHelper - Write backup file to C:\Users\yin\localFileRegistry\localRegistry.reg
2019-03-25 17:43:57,522 INFO  Thread-5                         com.alipay.sofa.rpc.registry.local.LocalRegistry - RPC-00203: 注销 RPC 服务：服务名[com.example.service.PersonService:1.0@DEFAULT]	数量[1] 
2019-03-25 17:43:57,528 INFO  SOFA-RPC-ShutdownHook            com.alipay.sofa.rpc.registry.local.LocalRegistryHelper - Write backup file to C:\Users\yin\localFileRegistry\localRegistry.reg
2019-03-25 17:43:57,529 INFO  SOFA-RPC-ShutdownHook            com.alipay.sofa.rpc.registry.local.LocalRegistry - RPC-00203: 注销 RPC 服务：服务名[com.example.service.PersonService:1.0@DEFAULT]	数量[1] 
2019-03-25 17:43:57,541 INFO  Thread-5                         com.alipay.sofa.rpc.registry.local.LocalRegistryHelper - Write backup file to C:\Users\yin\localFileRegistry\localRegistry.reg
2019-03-25 17:43:57,542 INFO  Thread-5                         com.alipay.sofa.rpc.registry.local.LocalRegistry - RPC-00203: 注销 RPC 服务：服务名[com.example.service.DemoService:1.0@DEFAULT]	数量[1] 
2019-03-25 17:43:58,233 INFO  SOFA-LocalRegistry-Back-Load-6-T1 com.alipay.sofa.rpc.registry.local.LocalRegistryHelper - Load backup file from C:\Users\yin\localFileRegistry\localRegistry.reg
2019-03-25 17:49:17,351 INFO  main                             com.alipay.sofa.rpc.registry.local.LocalRegistryHelper - Load backup file from C:\Users\yin\localFileRegistry\localRegistry.reg
2019-03-25 17:49:29,461 INFO  main                             com.alipay.sofa.rpc.registry.local.LocalRegistry - RPC-00205: RPC 服务[com.example.service.PersonService:1.0@rest]发布开始 
2019-03-25 17:49:29,461 INFO  main                             com.alipay.sofa.rpc.registry.local.LocalRegistry - RPC-00201: 发布 RPC 服务：服务名[com.example.service.PersonService:1.0@rest] 
2019-03-25 17:49:29,481 INFO  main                             com.alipay.sofa.rpc.registry.local.LocalRegistryHelper - Write backup file to C:\Users\yin\localFileRegistry\localRegistry.reg
2019-03-25 17:49:31,385 INFO  SOFA-LocalRegistry-Back-Load-6-T1 com.alipay.sofa.rpc.registry.local.LocalRegistryHelper - Load backup file from C:\Users\yin\localFileRegistry\localRegistry.reg
2019-03-25 17:49:32,984 INFO  main                             com.alipay.sofa.rpc.registry.local.LocalRegistry - RPC-00206: RPC 服务[com.example.service.PersonService:1.0@rest]发布结束 
2019-03-25 17:49:32,985 INFO  main                             com.alipay.sofa.rpc.registry.local.LocalRegistry - RPC-00205: RPC 服务[com.example.service.impl.HelloSynService:1.0@DEFAULT]发布开始 
2019-03-25 17:49:32,985 INFO  main                             com.alipay.sofa.rpc.registry.local.LocalRegistry - RPC-00201: 发布 RPC 服务：服务名[com.example.service.impl.HelloSynService:1.0@DEFAULT] 
2019-03-25 17:49:32,998 INFO  main                             com.alipay.sofa.rpc.registry.local.LocalRegistryHelper - Write backup file to C:\Users\yin\localFileRegistry\localRegistry.reg
2019-03-25 17:49:33,101 INFO  main                             com.alipay.sofa.rpc.registry.local.LocalRegistry - RPC-00206: RPC 服务[com.example.service.impl.HelloSynService:1.0@DEFAULT]发布结束 
2019-03-25 17:49:33,102 INFO  main                             com.alipay.sofa.rpc.registry.local.LocalRegistry - RPC-00205: RPC 服务[com.example.service.SimpleRestService:1.0@rest]发布开始 
2019-03-25 17:49:33,102 INFO  main                             com.alipay.sofa.rpc.registry.local.LocalRegistry - RPC-00201: 发布 RPC 服务：服务名[com.example.service.SimpleRestService:1.0@rest] 
2019-03-25 17:49:33,111 INFO  main                             com.alipay.sofa.rpc.registry.local.LocalRegistryHelper - Write backup file to C:\Users\yin\localFileRegistry\localRegistry.reg
2019-03-25 17:49:33,112 INFO  main                             com.alipay.sofa.rpc.registry.local.LocalRegistry - RPC-00206: RPC 服务[com.example.service.SimpleRestService:1.0@rest]发布结束 
2019-03-25 17:49:33,112 INFO  main                             com.alipay.sofa.rpc.registry.local.LocalRegistry - RPC-00205: RPC 服务[com.example.service.PersonService:1.0@DEFAULT]发布开始 
2019-03-25 17:49:33,112 INFO  main                             com.alipay.sofa.rpc.registry.local.LocalRegistry - RPC-00201: 发布 RPC 服务：服务名[com.example.service.PersonService:1.0@DEFAULT] 
2019-03-25 17:49:33,120 INFO  main                             com.alipay.sofa.rpc.registry.local.LocalRegistryHelper - Write backup file to C:\Users\yin\localFileRegistry\localRegistry.reg
2019-03-25 17:49:33,222 INFO  main                             com.alipay.sofa.rpc.registry.local.LocalRegistry - RPC-00206: RPC 服务[com.example.service.PersonService:1.0@DEFAULT]发布结束 
2019-03-25 17:49:33,223 INFO  main                             com.alipay.sofa.rpc.registry.local.LocalRegistry - RPC-00205: RPC 服务[com.example.service.DemoService:1.0@DEFAULT]发布开始 
2019-03-25 17:49:33,223 INFO  main                             com.alipay.sofa.rpc.registry.local.LocalRegistry - RPC-00201: 发布 RPC 服务：服务名[com.example.service.DemoService:1.0@DEFAULT] 
2019-03-25 17:49:33,235 INFO  main                             com.alipay.sofa.rpc.registry.local.LocalRegistryHelper - Write backup file to C:\Users\yin\localFileRegistry\localRegistry.reg
2019-03-25 17:49:33,236 INFO  main                             com.alipay.sofa.rpc.registry.local.LocalRegistry - RPC-00206: RPC 服务[com.example.service.DemoService:1.0@DEFAULT]发布结束 
2019-03-25 17:49:33,391 INFO  SOFA-LocalRegistry-Back-Load-6-T1 com.alipay.sofa.rpc.registry.local.LocalRegistryHelper - Load backup file from C:\Users\yin\localFileRegistry\localRegistry.reg
2019-03-25 17:49:47,662 INFO  SOFA-RPC-ShutdownHook            com.alipay.sofa.rpc.registry.local.LocalRegistryHelper - Write backup file to C:\Users\yin\localFileRegistry\localRegistry.reg
2019-03-25 17:49:47,663 INFO  SOFA-RPC-ShutdownHook            com.alipay.sofa.rpc.registry.local.LocalRegistry - RPC-00203: 注销 RPC 服务：服务名[com.example.service.PersonService:1.0@DEFAULT]	数量[1] 
2019-03-25 17:49:47,669 INFO  Thread-5                         com.alipay.sofa.rpc.registry.local.LocalRegistryHelper - Write backup file to C:\Users\yin\localFileRegistry\localRegistry.reg
2019-03-25 17:49:47,669 INFO  Thread-5                         com.alipay.sofa.rpc.registry.local.LocalRegistry - RPC-00203: 注销 RPC 服务：服务名[com.example.service.PersonService:1.0@rest]	数量[1] 
2019-03-25 17:49:47,681 INFO  SOFA-RPC-ShutdownHook            com.alipay.sofa.rpc.registry.local.LocalRegistryHelper - Write backup file to C:\Users\yin\localFileRegistry\localRegistry.reg
2019-03-25 17:49:47,686 INFO  SOFA-RPC-ShutdownHook            com.alipay.sofa.rpc.registry.local.LocalRegistry - RPC-00203: 注销 RPC 服务：服务名[com.example.service.impl.HelloSynService:1.0@DEFAULT]	数量[1] 
2019-03-25 17:49:47,692 INFO  Thread-5                         com.alipay.sofa.rpc.registry.local.LocalRegistryHelper - Write backup file to C:\Users\yin\localFileRegistry\localRegistry.reg
2019-03-25 17:49:47,693 INFO  Thread-5                         com.alipay.sofa.rpc.registry.local.LocalRegistry - RPC-00203: 注销 RPC 服务：服务名[com.example.service.impl.HelloSynService:1.0@DEFAULT]	数量[1] 
2019-03-25 17:49:47,703 INFO  SOFA-RPC-ShutdownHook            com.alipay.sofa.rpc.registry.local.LocalRegistryHelper - Write backup file to C:\Users\yin\localFileRegistry\localRegistry.reg
2019-03-25 17:49:47,703 INFO  SOFA-RPC-ShutdownHook            com.alipay.sofa.rpc.registry.local.LocalRegistry - RPC-00203: 注销 RPC 服务：服务名[com.example.service.SimpleRestService:1.0@rest]	数量[1] 
2019-03-25 17:49:47,711 INFO  Thread-5                         com.alipay.sofa.rpc.registry.local.LocalRegistryHelper - Write backup file to C:\Users\yin\localFileRegistry\localRegistry.reg
2019-03-25 17:49:47,712 INFO  Thread-5                         com.alipay.sofa.rpc.registry.local.LocalRegistry - RPC-00203: 注销 RPC 服务：服务名[com.example.service.SimpleRestService:1.0@rest]	数量[1] 
2019-03-25 17:49:47,718 INFO  SOFA-RPC-ShutdownHook            com.alipay.sofa.rpc.registry.local.LocalRegistryHelper - Write backup file to C:\Users\yin\localFileRegistry\localRegistry.reg
2019-03-25 17:49:47,718 INFO  SOFA-RPC-ShutdownHook            com.alipay.sofa.rpc.registry.local.LocalRegistry - RPC-00203: 注销 RPC 服务：服务名[com.example.service.DemoService:1.0@DEFAULT]	数量[1] 
2019-03-25 17:49:47,725 INFO  Thread-5                         com.alipay.sofa.rpc.registry.local.LocalRegistryHelper - Write backup file to C:\Users\yin\localFileRegistry\localRegistry.reg
2019-03-25 17:49:47,725 INFO  Thread-5                         com.alipay.sofa.rpc.registry.local.LocalRegistry - RPC-00203: 注销 RPC 服务：服务名[com.example.service.PersonService:1.0@DEFAULT]	数量[1] 
2019-03-25 17:49:47,733 INFO  SOFA-RPC-ShutdownHook            com.alipay.sofa.rpc.registry.local.LocalRegistryHelper - Write backup file to C:\Users\yin\localFileRegistry\localRegistry.reg
2019-03-25 17:49:47,733 INFO  SOFA-RPC-ShutdownHook            com.alipay.sofa.rpc.registry.local.LocalRegistry - RPC-00203: 注销 RPC 服务：服务名[com.example.service.PersonService:1.0@rest]	数量[1] 
2019-03-25 17:49:47,743 INFO  Thread-5                         com.alipay.sofa.rpc.registry.local.LocalRegistryHelper - Write backup file to C:\Users\yin\localFileRegistry\localRegistry.reg
2019-03-25 17:49:47,744 INFO  Thread-5                         com.alipay.sofa.rpc.registry.local.LocalRegistry - RPC-00203: 注销 RPC 服务：服务名[com.example.service.DemoService:1.0@DEFAULT]	数量[1] 
2019-03-25 17:49:49,408 INFO  SOFA-LocalRegistry-Back-Load-6-T1 com.alipay.sofa.rpc.registry.local.LocalRegistryHelper - Load backup file from C:\Users\yin\localFileRegistry\localRegistry.reg
2019-03-25 17:50:02,496 INFO  main                             com.alipay.sofa.rpc.registry.local.LocalRegistryHelper - Load backup file from C:\Users\yin\localFileRegistry\localRegistry.reg
2019-03-25 17:50:14,473 INFO  main                             com.alipay.sofa.rpc.registry.local.LocalRegistry - RPC-00205: RPC 服务[com.example.service.PersonService:1.0@rest]发布开始 
2019-03-25 17:50:14,473 INFO  main                             com.alipay.sofa.rpc.registry.local.LocalRegistry - RPC-00201: 发布 RPC 服务：服务名[com.example.service.PersonService:1.0@rest] 
2019-03-25 17:50:14,499 INFO  main                             com.alipay.sofa.rpc.registry.local.LocalRegistryHelper - Write backup file to C:\Users\yin\localFileRegistry\localRegistry.reg
2019-03-25 17:50:14,557 INFO  SOFA-LocalRegistry-Back-Load-6-T1 com.alipay.sofa.rpc.registry.local.LocalRegistryHelper - Load backup file from C:\Users\yin\localFileRegistry\localRegistry.reg
2019-03-25 17:50:18,002 INFO  main                             com.alipay.sofa.rpc.registry.local.LocalRegistry - RPC-00206: RPC 服务[com.example.service.PersonService:1.0@rest]发布结束 
2019-03-25 17:50:18,003 INFO  main                             com.alipay.sofa.rpc.registry.local.LocalRegistry - RPC-00205: RPC 服务[com.example.service.impl.HelloSynService:1.0@DEFAULT]发布开始 
2019-03-25 17:50:18,003 INFO  main                             com.alipay.sofa.rpc.registry.local.LocalRegistry - RPC-00201: 发布 RPC 服务：服务名[com.example.service.impl.HelloSynService:1.0@DEFAULT] 
2019-03-25 17:50:18,017 INFO  main                             com.alipay.sofa.rpc.registry.local.LocalRegistryHelper - Write backup file to C:\Users\yin\localFileRegistry\localRegistry.reg
2019-03-25 17:50:18,121 INFO  main                             com.alipay.sofa.rpc.registry.local.LocalRegistry - RPC-00206: RPC 服务[com.example.service.impl.HelloSynService:1.0@DEFAULT]发布结束 
2019-03-25 17:50:18,122 INFO  main                             com.alipay.sofa.rpc.registry.local.LocalRegistry - RPC-00205: RPC 服务[com.example.service.SimpleRestService:1.0@rest]发布开始 
2019-03-25 17:50:18,122 INFO  main                             com.alipay.sofa.rpc.registry.local.LocalRegistry - RPC-00201: 发布 RPC 服务：服务名[com.example.service.SimpleRestService:1.0@rest] 
2019-03-25 17:50:18,137 INFO  main                             com.alipay.sofa.rpc.registry.local.LocalRegistryHelper - Write backup file to C:\Users\yin\localFileRegistry\localRegistry.reg
2019-03-25 17:50:18,137 INFO  main                             com.alipay.sofa.rpc.registry.local.LocalRegistry - RPC-00206: RPC 服务[com.example.service.SimpleRestService:1.0@rest]发布结束 
2019-03-25 17:50:18,137 INFO  main                             com.alipay.sofa.rpc.registry.local.LocalRegistry - RPC-00205: RPC 服务[com.example.service.PersonService:1.0@DEFAULT]发布开始 
2019-03-25 17:50:18,137 INFO  main                             com.alipay.sofa.rpc.registry.local.LocalRegistry - RPC-00201: 发布 RPC 服务：服务名[com.example.service.PersonService:1.0@DEFAULT] 
2019-03-25 17:50:18,148 INFO  main                             com.alipay.sofa.rpc.registry.local.LocalRegistryHelper - Write backup file to C:\Users\yin\localFileRegistry\localRegistry.reg
2019-03-25 17:50:18,249 INFO  main                             com.alipay.sofa.rpc.registry.local.LocalRegistry - RPC-00206: RPC 服务[com.example.service.PersonService:1.0@DEFAULT]发布结束 
2019-03-25 17:50:18,250 INFO  main                             com.alipay.sofa.rpc.registry.local.LocalRegistry - RPC-00205: RPC 服务[com.example.service.DemoService:1.0@DEFAULT]发布开始 
2019-03-25 17:50:18,250 INFO  main                             com.alipay.sofa.rpc.registry.local.LocalRegistry - RPC-00201: 发布 RPC 服务：服务名[com.example.service.DemoService:1.0@DEFAULT] 
2019-03-25 17:50:18,264 INFO  main                             com.alipay.sofa.rpc.registry.local.LocalRegistryHelper - Write backup file to C:\Users\yin\localFileRegistry\localRegistry.reg
2019-03-25 17:50:18,265 INFO  main                             com.alipay.sofa.rpc.registry.local.LocalRegistry - RPC-00206: RPC 服务[com.example.service.DemoService:1.0@DEFAULT]发布结束 
2019-03-25 17:50:20,075 INFO  SOFA-LocalRegistry-Back-Load-6-T1 com.alipay.sofa.rpc.registry.local.LocalRegistryHelper - Load backup file from C:\Users\yin\localFileRegistry\localRegistry.reg
2019-03-25 17:50:42,050 INFO  SOFA-RPC-ShutdownHook            com.alipay.sofa.rpc.registry.local.LocalRegistryHelper - Write backup file to C:\Users\yin\localFileRegistry\localRegistry.reg
2019-03-25 17:50:42,052 INFO  SOFA-RPC-ShutdownHook            com.alipay.sofa.rpc.registry.local.LocalRegistry - RPC-00203: 注销 RPC 服务：服务名[com.example.service.impl.HelloSynService:1.0@DEFAULT]	数量[1] 
2019-03-25 17:50:42,064 INFO  Thread-5                         com.alipay.sofa.rpc.registry.local.LocalRegistryHelper - Write backup file to C:\Users\yin\localFileRegistry\localRegistry.reg
2019-03-25 17:50:42,066 INFO  Thread-5                         com.alipay.sofa.rpc.registry.local.LocalRegistry - RPC-00203: 注销 RPC 服务：服务名[com.example.service.PersonService:1.0@rest]	数量[1] 
2019-03-25 17:50:42,089 INFO  SOFA-RPC-ShutdownHook            com.alipay.sofa.rpc.registry.local.LocalRegistryHelper - Write backup file to C:\Users\yin\localFileRegistry\localRegistry.reg
2019-03-25 17:50:42,096 INFO  SOFA-RPC-ShutdownHook            com.alipay.sofa.rpc.registry.local.LocalRegistry - RPC-00203: 注销 RPC 服务：服务名[com.example.service.PersonService:1.0@DEFAULT]	数量[1] 
2019-03-25 17:50:42,108 INFO  Thread-5                         com.alipay.sofa.rpc.registry.local.LocalRegistryHelper - Write backup file to C:\Users\yin\localFileRegistry\localRegistry.reg
2019-03-25 17:50:42,108 INFO  Thread-5                         com.alipay.sofa.rpc.registry.local.LocalRegistry - RPC-00203: 注销 RPC 服务：服务名[com.example.service.impl.HelloSynService:1.0@DEFAULT]	数量[1] 
2019-03-25 17:50:42,120 INFO  SOFA-LocalRegistry-Back-Load-6-T1 com.alipay.sofa.rpc.registry.local.LocalRegistryHelper - Write backup file to C:\Users\yin\localFileRegistry\localRegistry.reg
2019-03-25 17:50:42,123 INFO  SOFA-LocalRegistry-Back-Load-6-T1 com.alipay.sofa.rpc.registry.local.LocalRegistryHelper - Load backup file from C:\Users\yin\localFileRegistry\localRegistry.reg
2019-03-25 17:50:42,127 INFO  SOFA-RPC-ShutdownHook            com.alipay.sofa.rpc.registry.local.LocalRegistryHelper - Write backup file to C:\Users\yin\localFileRegistry\localRegistry.reg
2019-03-25 17:50:42,130 INFO  SOFA-RPC-ShutdownHook            com.alipay.sofa.rpc.registry.local.LocalRegistry - RPC-00203: 注销 RPC 服务：服务名[com.example.service.PersonService:1.0@rest]	数量[1] 
2019-03-25 17:50:42,149 INFO  SOFA-RPC-ShutdownHook            com.alipay.sofa.rpc.registry.local.LocalRegistryHelper - Write backup file to C:\Users\yin\localFileRegistry\localRegistry.reg
2019-03-25 17:50:42,150 INFO  SOFA-RPC-ShutdownHook            com.alipay.sofa.rpc.registry.local.LocalRegistry - RPC-00203: 注销 RPC 服务：服务名[com.example.service.DemoService:1.0@DEFAULT]	数量[1] 
2019-03-25 17:50:42,166 INFO  Thread-5                         com.alipay.sofa.rpc.registry.local.LocalRegistryHelper - Write backup file to C:\Users\yin\localFileRegistry\localRegistry.reg
2019-03-25 17:50:42,167 INFO  Thread-5                         com.alipay.sofa.rpc.registry.local.LocalRegistry - RPC-00203: 注销 RPC 服务：服务名[com.example.service.SimpleRestService:1.0@rest]	数量[1] 
2019-03-25 17:50:42,181 INFO  SOFA-RPC-ShutdownHook            com.alipay.sofa.rpc.registry.local.LocalRegistryHelper - Write backup file to C:\Users\yin\localFileRegistry\localRegistry.reg
2019-03-25 17:50:42,182 INFO  SOFA-RPC-ShutdownHook            com.alipay.sofa.rpc.registry.local.LocalRegistry - RPC-00203: 注销 RPC 服务：服务名[com.example.service.SimpleRestService:1.0@rest]	数量[1] 
2019-03-25 17:50:42,202 INFO  Thread-5                         com.alipay.sofa.rpc.registry.local.LocalRegistryHelper - Write backup file to C:\Users\yin\localFileRegistry\localRegistry.reg
2019-03-25 17:50:42,203 INFO  Thread-5                         com.alipay.sofa.rpc.registry.local.LocalRegistry - RPC-00203: 注销 RPC 服务：服务名[com.example.service.PersonService:1.0@DEFAULT]	数量[1] 
2019-03-25 17:50:42,218 INFO  Thread-5                         com.alipay.sofa.rpc.registry.local.LocalRegistryHelper - Write backup file to C:\Users\yin\localFileRegistry\localRegistry.reg
2019-03-25 17:50:42,219 INFO  Thread-5                         com.alipay.sofa.rpc.registry.local.LocalRegistry - RPC-00203: 注销 RPC 服务：服务名[com.example.service.DemoService:1.0@DEFAULT]	数量[1] 
2019-03-25 17:50:44,129 INFO  SOFA-LocalRegistry-Back-Load-6-T1 com.alipay.sofa.rpc.registry.local.LocalRegistryHelper - Load backup file from C:\Users\yin\localFileRegistry\localRegistry.reg
