2019-03-25 17:40:06,112 ERROR [FutureTaskUtil#51] [RpcTaskScannerThread] Future task has not completed!
com.alipay.remoting.util.FutureTaskNotCompleted: null
	at com.alipay.remoting.util.RunStateRecordedFutureTask.getAfterRun(RunStateRecordedFutureTask.java:48)
	at com.alipay.remoting.util.FutureTaskUtil.getFutureTaskResult(FutureTaskUtil.java:43)
	at com.alipay.remoting.DefaultConnectionManager.getConnectionPool(DefaultConnectionManager.java:563)
	at com.alipay.remoting.DefaultConnectionManager.scan(DefaultConnectionManager.java:439)
	at com.alipay.remoting.rpc.RpcTaskScanner$2.run(RpcTaskScanner.java:60)
	at java.util.concurrent.Executors$RunnableAdapter.call(Executors.java:511)
	at java.util.concurrent.FutureTask.runAndReset(FutureTask.java:308)
	at java.util.concurrent.ScheduledThreadPoolExecutor$ScheduledFutureTask.access$2(ScheduledThreadPoolExecutor.java:1)
	at java.util.concurrent.ScheduledThreadPoolExecutor$ScheduledFutureTask.run(ScheduledThreadPoolExecutor.java:294)
	at java.util.concurrent.ThreadPoolExecutor.runWorker(ThreadPoolExecutor.java:1149)
	at java.util.concurrent.ThreadPoolExecutor$Worker.run(ThreadPoolExecutor.java:624)
	at java.lang.Thread.run(Thread.java:748)
2019-03-25 17:40:36,119 ERROR [FutureTaskUtil#51] [RpcTaskScannerThread] Future task has not completed!
com.alipay.remoting.util.FutureTaskNotCompleted: null
	at com.alipay.remoting.util.RunStateRecordedFutureTask.getAfterRun(RunStateRecordedFutureTask.java:48)
	at com.alipay.remoting.util.FutureTaskUtil.getFutureTaskResult(FutureTaskUtil.java:43)
	at com.alipay.remoting.DefaultConnectionManager.getConnectionPool(DefaultConnectionManager.java:563)
	at com.alipay.remoting.DefaultConnectionManager.scan(DefaultConnectionManager.java:439)
	at com.alipay.remoting.rpc.RpcTaskScanner$2.run(RpcTaskScanner.java:60)
	at java.util.concurrent.Executors$RunnableAdapter.call(Executors.java:511)
	at java.util.concurrent.FutureTask.runAndReset(FutureTask.java:308)
	at java.util.concurrent.ScheduledThreadPoolExecutor$ScheduledFutureTask.access$2(ScheduledThreadPoolExecutor.java:1)
	at java.util.concurrent.ScheduledThreadPoolExecutor$ScheduledFutureTask.run(ScheduledThreadPoolExecutor.java:294)
	at java.util.concurrent.ThreadPoolExecutor.runWorker(ThreadPoolExecutor.java:1149)
	at java.util.concurrent.ThreadPoolExecutor$Worker.run(ThreadPoolExecutor.java:624)
	at java.lang.Thread.run(Thread.java:748)
2019-03-25 17:40:46,120 ERROR [FutureTaskUtil#51] [RpcTaskScannerThread] Future task has not completed!
com.alipay.remoting.util.FutureTaskNotCompleted: null
	at com.alipay.remoting.util.RunStateRecordedFutureTask.getAfterRun(RunStateRecordedFutureTask.java:48)
	at com.alipay.remoting.util.FutureTaskUtil.getFutureTaskResult(FutureTaskUtil.java:43)
	at com.alipay.remoting.DefaultConnectionManager.getConnectionPool(DefaultConnectionManager.java:563)
	at com.alipay.remoting.DefaultConnectionManager.scan(DefaultConnectionManager.java:439)
	at com.alipay.remoting.rpc.RpcTaskScanner$2.run(RpcTaskScanner.java:60)
	at java.util.concurrent.Executors$RunnableAdapter.call(Executors.java:511)
	at java.util.concurrent.FutureTask.runAndReset(FutureTask.java:308)
	at java.util.concurrent.ScheduledThreadPoolExecutor$ScheduledFutureTask.access$2(ScheduledThreadPoolExecutor.java:1)
	at java.util.concurrent.ScheduledThreadPoolExecutor$ScheduledFutureTask.run(ScheduledThreadPoolExecutor.java:294)
	at java.util.concurrent.ThreadPoolExecutor.runWorker(ThreadPoolExecutor.java:1149)
	at java.util.concurrent.ThreadPoolExecutor$Worker.run(ThreadPoolExecutor.java:624)
	at java.lang.Thread.run(Thread.java:748)
2019-03-25 17:41:24,532 ERROR [FutureTaskUtil#51] [RpcTaskScannerThread] Future task has not completed!
com.alipay.remoting.util.FutureTaskNotCompleted: null
	at com.alipay.remoting.util.RunStateRecordedFutureTask.getAfterRun(RunStateRecordedFutureTask.java:48)
	at com.alipay.remoting.util.FutureTaskUtil.getFutureTaskResult(FutureTaskUtil.java:43)
	at com.alipay.remoting.DefaultConnectionManager.getConnectionPool(DefaultConnectionManager.java:563)
	at com.alipay.remoting.DefaultConnectionManager.scan(DefaultConnectionManager.java:439)
	at com.alipay.remoting.rpc.RpcTaskScanner$2.run(RpcTaskScanner.java:60)
	at java.util.concurrent.Executors$RunnableAdapter.call(Executors.java:511)
	at java.util.concurrent.FutureTask.runAndReset(FutureTask.java:308)
	at java.util.concurrent.ScheduledThreadPoolExecutor$ScheduledFutureTask.access$2(ScheduledThreadPoolExecutor.java:1)
	at java.util.concurrent.ScheduledThreadPoolExecutor$ScheduledFutureTask.run(ScheduledThreadPoolExecutor.java:294)
	at java.util.concurrent.ThreadPoolExecutor.runWorker(ThreadPoolExecutor.java:1149)
	at java.util.concurrent.ThreadPoolExecutor$Worker.run(ThreadPoolExecutor.java:624)
	at java.lang.Thread.run(Thread.java:748)
2019-03-25 17:41:58,047 ERROR [FutureTaskUtil#51] [RpcTaskScannerThread] Future task has not completed!
com.alipay.remoting.util.FutureTaskNotCompleted: null
	at com.alipay.remoting.util.RunStateRecordedFutureTask.getAfterRun(RunStateRecordedFutureTask.java:48)
	at com.alipay.remoting.util.FutureTaskUtil.getFutureTaskResult(FutureTaskUtil.java:43)
	at com.alipay.remoting.DefaultConnectionManager.getConnectionPool(DefaultConnectionManager.java:563)
	at com.alipay.remoting.DefaultConnectionManager.scan(DefaultConnectionManager.java:439)
	at com.alipay.remoting.rpc.RpcTaskScanner$2.run(RpcTaskScanner.java:60)
	at java.util.concurrent.Executors$RunnableAdapter.call(Executors.java:511)
	at java.util.concurrent.FutureTask.runAndReset(FutureTask.java:308)
	at java.util.concurrent.ScheduledThreadPoolExecutor$ScheduledFutureTask.access$2(ScheduledThreadPoolExecutor.java:1)
	at java.util.concurrent.ScheduledThreadPoolExecutor$ScheduledFutureTask.run(ScheduledThreadPoolExecutor.java:294)
	at java.util.concurrent.ThreadPoolExecutor.runWorker(ThreadPoolExecutor.java:1149)
	at java.util.concurrent.ThreadPoolExecutor$Worker.run(ThreadPoolExecutor.java:624)
	at java.lang.Thread.run(Thread.java:748)
2019-03-25 17:42:28,051 ERROR [FutureTaskUtil#51] [RpcTaskScannerThread] Future task has not completed!
com.alipay.remoting.util.FutureTaskNotCompleted: null
	at com.alipay.remoting.util.RunStateRecordedFutureTask.getAfterRun(RunStateRecordedFutureTask.java:48)
	at com.alipay.remoting.util.FutureTaskUtil.getFutureTaskResult(FutureTaskUtil.java:43)
	at com.alipay.remoting.DefaultConnectionManager.getConnectionPool(DefaultConnectionManager.java:563)
	at com.alipay.remoting.DefaultConnectionManager.scan(DefaultConnectionManager.java:439)
	at com.alipay.remoting.rpc.RpcTaskScanner$2.run(RpcTaskScanner.java:60)
	at java.util.concurrent.Executors$RunnableAdapter.call(Executors.java:511)
	at java.util.concurrent.FutureTask.runAndReset(FutureTask.java:308)
	at java.util.concurrent.ScheduledThreadPoolExecutor$ScheduledFutureTask.access$2(ScheduledThreadPoolExecutor.java:1)
	at java.util.concurrent.ScheduledThreadPoolExecutor$ScheduledFutureTask.run(ScheduledThreadPoolExecutor.java:294)
	at java.util.concurrent.ThreadPoolExecutor.runWorker(ThreadPoolExecutor.java:1149)
	at java.util.concurrent.ThreadPoolExecutor$Worker.run(ThreadPoolExecutor.java:624)
	at java.lang.Thread.run(Thread.java:748)
2019-03-25 17:43:06,488 ERROR [FutureTaskUtil#51] [RpcTaskScannerThread] Future task has not completed!
com.alipay.remoting.util.FutureTaskNotCompleted: null
	at com.alipay.remoting.util.RunStateRecordedFutureTask.getAfterRun(RunStateRecordedFutureTask.java:48)
	at com.alipay.remoting.util.FutureTaskUtil.getFutureTaskResult(FutureTaskUtil.java:43)
	at com.alipay.remoting.DefaultConnectionManager.getConnectionPool(DefaultConnectionManager.java:563)
	at com.alipay.remoting.DefaultConnectionManager.scan(DefaultConnectionManager.java:439)
	at com.alipay.remoting.rpc.RpcTaskScanner$2.run(RpcTaskScanner.java:60)
	at java.util.concurrent.Executors$RunnableAdapter.call(Executors.java:511)
	at java.util.concurrent.FutureTask.runAndReset(FutureTask.java:308)
	at java.util.concurrent.ScheduledThreadPoolExecutor$ScheduledFutureTask.access$2(ScheduledThreadPoolExecutor.java:1)
	at java.util.concurrent.ScheduledThreadPoolExecutor$ScheduledFutureTask.run(ScheduledThreadPoolExecutor.java:294)
	at java.util.concurrent.ThreadPoolExecutor.runWorker(ThreadPoolExecutor.java:1149)
	at java.util.concurrent.ThreadPoolExecutor$Worker.run(ThreadPoolExecutor.java:624)
	at java.lang.Thread.run(Thread.java:748)
2019-03-25 17:43:36,496 ERROR [FutureTaskUtil#51] [RpcTaskScannerThread] Future task has not completed!
com.alipay.remoting.util.FutureTaskNotCompleted: null
	at com.alipay.remoting.util.RunStateRecordedFutureTask.getAfterRun(RunStateRecordedFutureTask.java:48)
	at com.alipay.remoting.util.FutureTaskUtil.getFutureTaskResult(FutureTaskUtil.java:43)
	at com.alipay.remoting.DefaultConnectionManager.getConnectionPool(DefaultConnectionManager.java:563)
	at com.alipay.remoting.DefaultConnectionManager.scan(DefaultConnectionManager.java:439)
	at com.alipay.remoting.rpc.RpcTaskScanner$2.run(RpcTaskScanner.java:60)
	at java.util.concurrent.Executors$RunnableAdapter.call(Executors.java:511)
	at java.util.concurrent.FutureTask.runAndReset(FutureTask.java:308)
	at java.util.concurrent.ScheduledThreadPoolExecutor$ScheduledFutureTask.access$2(ScheduledThreadPoolExecutor.java:1)
	at java.util.concurrent.ScheduledThreadPoolExecutor$ScheduledFutureTask.run(ScheduledThreadPoolExecutor.java:294)
	at java.util.concurrent.ThreadPoolExecutor.runWorker(ThreadPoolExecutor.java:1149)
	at java.util.concurrent.ThreadPoolExecutor$Worker.run(ThreadPoolExecutor.java:624)
	at java.lang.Thread.run(Thread.java:748)
2019-03-25 17:43:46,498 ERROR [FutureTaskUtil#51] [RpcTaskScannerThread] Future task has not completed!
com.alipay.remoting.util.FutureTaskNotCompleted: null
	at com.alipay.remoting.util.RunStateRecordedFutureTask.getAfterRun(RunStateRecordedFutureTask.java:48)
	at com.alipay.remoting.util.FutureTaskUtil.getFutureTaskResult(FutureTaskUtil.java:43)
	at com.alipay.remoting.DefaultConnectionManager.getConnectionPool(DefaultConnectionManager.java:563)
	at com.alipay.remoting.DefaultConnectionManager.scan(DefaultConnectionManager.java:439)
	at com.alipay.remoting.rpc.RpcTaskScanner$2.run(RpcTaskScanner.java:60)
	at java.util.concurrent.Executors$RunnableAdapter.call(Executors.java:511)
	at java.util.concurrent.FutureTask.runAndReset(FutureTask.java:308)
	at java.util.concurrent.ScheduledThreadPoolExecutor$ScheduledFutureTask.access$2(ScheduledThreadPoolExecutor.java:1)
	at java.util.concurrent.ScheduledThreadPoolExecutor$ScheduledFutureTask.run(ScheduledThreadPoolExecutor.java:294)
	at java.util.concurrent.ThreadPoolExecutor.runWorker(ThreadPoolExecutor.java:1149)
	at java.util.concurrent.ThreadPoolExecutor$Worker.run(ThreadPoolExecutor.java:624)
	at java.lang.Thread.run(Thread.java:748)
2019-03-25 17:49:27,814 ERROR [FutureTaskUtil#51] [RpcTaskScannerThread] Future task has not completed!
com.alipay.remoting.util.FutureTaskNotCompleted: null
	at com.alipay.remoting.util.RunStateRecordedFutureTask.getAfterRun(RunStateRecordedFutureTask.java:48)
	at com.alipay.remoting.util.FutureTaskUtil.getFutureTaskResult(FutureTaskUtil.java:43)
	at com.alipay.remoting.DefaultConnectionManager.getConnectionPool(DefaultConnectionManager.java:563)
	at com.alipay.remoting.DefaultConnectionManager.scan(DefaultConnectionManager.java:439)
	at com.alipay.remoting.rpc.RpcTaskScanner$2.run(RpcTaskScanner.java:60)
	at java.util.concurrent.Executors$RunnableAdapter.call(Executors.java:511)
	at java.util.concurrent.FutureTask.runAndReset(FutureTask.java:308)
	at java.util.concurrent.ScheduledThreadPoolExecutor$ScheduledFutureTask.access$2(ScheduledThreadPoolExecutor.java:1)
	at java.util.concurrent.ScheduledThreadPoolExecutor$ScheduledFutureTask.run(ScheduledThreadPoolExecutor.java:294)
	at java.util.concurrent.ThreadPoolExecutor.runWorker(ThreadPoolExecutor.java:1149)
	at java.util.concurrent.ThreadPoolExecutor$Worker.run(ThreadPoolExecutor.java:624)
	at java.lang.Thread.run(Thread.java:748)
2019-03-25 17:50:12,925 ERROR [FutureTaskUtil#51] [RpcTaskScannerThread] Future task has not completed!
com.alipay.remoting.util.FutureTaskNotCompleted: null
	at com.alipay.remoting.util.RunStateRecordedFutureTask.getAfterRun(RunStateRecordedFutureTask.java:48)
	at com.alipay.remoting.util.FutureTaskUtil.getFutureTaskResult(FutureTaskUtil.java:43)
	at com.alipay.remoting.DefaultConnectionManager.getConnectionPool(DefaultConnectionManager.java:563)
	at com.alipay.remoting.DefaultConnectionManager.scan(DefaultConnectionManager.java:439)
	at com.alipay.remoting.rpc.RpcTaskScanner$2.run(RpcTaskScanner.java:60)
	at java.util.concurrent.Executors$RunnableAdapter.call(Executors.java:511)
	at java.util.concurrent.FutureTask.runAndReset(FutureTask.java:308)
	at java.util.concurrent.ScheduledThreadPoolExecutor$ScheduledFutureTask.access$2(ScheduledThreadPoolExecutor.java:1)
	at java.util.concurrent.ScheduledThreadPoolExecutor$ScheduledFutureTask.run(ScheduledThreadPoolExecutor.java:294)
	at java.util.concurrent.ThreadPoolExecutor.runWorker(ThreadPoolExecutor.java:1149)
	at java.util.concurrent.ThreadPoolExecutor$Worker.run(ThreadPoolExecutor.java:624)
	at java.lang.Thread.run(Thread.java:748)
2019-03-25 17:50:42,927 ERROR [FutureTaskUtil#51] [RpcTaskScannerThread] Future task has not completed!
com.alipay.remoting.util.FutureTaskNotCompleted: null
	at com.alipay.remoting.util.RunStateRecordedFutureTask.getAfterRun(RunStateRecordedFutureTask.java:48)
	at com.alipay.remoting.util.FutureTaskUtil.getFutureTaskResult(FutureTaskUtil.java:43)
	at com.alipay.remoting.DefaultConnectionManager.getConnectionPool(DefaultConnectionManager.java:563)
	at com.alipay.remoting.DefaultConnectionManager.scan(DefaultConnectionManager.java:439)
	at com.alipay.remoting.rpc.RpcTaskScanner$2.run(RpcTaskScanner.java:60)
	at java.util.concurrent.Executors$RunnableAdapter.call(Executors.java:511)
	at java.util.concurrent.FutureTask.runAndReset(FutureTask.java:308)
	at java.util.concurrent.ScheduledThreadPoolExecutor$ScheduledFutureTask.access$2(ScheduledThreadPoolExecutor.java:1)
	at java.util.concurrent.ScheduledThreadPoolExecutor$ScheduledFutureTask.run(ScheduledThreadPoolExecutor.java:294)
	at java.util.concurrent.ThreadPoolExecutor.runWorker(ThreadPoolExecutor.java:1149)
	at java.util.concurrent.ThreadPoolExecutor$Worker.run(ThreadPoolExecutor.java:624)
	at java.lang.Thread.run(Thread.java:748)
