2019-02-26 14:01:12.781  INFO 16996 --- [main] com.alipay.sofa.common.log               : Sofa-Middleware-Log SLF4J : Actual logging.path is [ ./logs ]
2019-02-26 14:01:12.801  INFO 16996 --- [main] com.alipay.sofa.common.log               : Sofa-Middleware-Log SLF4J : Actual binding is of type [ com.alipay.sofa.infra Logback ]
2019-02-26 14:01:12.917  INFO 16996 --- [main] com.alipay.sofa.common.log               : Sofa-Middleware-Log SLF4J : Actual logging.path is [ ./logs ]
2019-02-26 14:01:12.918  INFO 16996 --- [main] com.alipay.sofa.common.log               : Sofa-Middleware-Log SLF4J : Actual logging.path is [ ./logs ]
2019-02-26 14:01:12.923  INFO 16996 --- [main] com.alipay.sofa.common.log               : Sofa-Middleware-Log SLF4J : Actual logging.path is [ ./logs ]
2019-02-26 14:01:12.935  INFO 16996 --- [main] com.alipay.sofa.common.log               : Sofa-Middleware-Log SLF4J : Actual binding is of type [ com.alipay.sofa.runtime Logback ]
2019-02-26 14:01:12.965  INFO 16996 --- [main] c.example.SpringBootSofarpcApplication   : Starting SpringBootSofarpcApplication on DESKTOP-GAOFEQL with PID 16996 (C:\soft\work\eclipse-workspace-javaee\spring-boot-sofarpc\target\classes started by yin in C:\soft\work\eclipse-workspace-javaee\spring-boot-sofarpc)
2019-02-26 14:01:12.966  INFO 16996 --- [main] c.example.SpringBootSofarpcApplication   : No active profile set, falling back to default profiles: default
2019-02-26 14:01:13.068  INFO 16996 --- [main] ConfigServletWebServerApplicationContext : Refreshing org.springframework.boot.web.servlet.context.AnnotationConfigServletWebServerApplicationContext@1881664a: startup date [Tue Feb 26 14:01:13 CST 2019]; root of context hierarchy
2019-02-26 14:01:13.645  INFO 16996 --- [main] o.s.b.f.xml.XmlBeanDefinitionReader      : Loading XML bean definitions from URL [file:/C:/soft/work/eclipse-workspace-javaee/spring-boot-sofarpc/target/classes/rest-server-example.xml]
2019-02-26 14:01:13.780  INFO 16996 --- [main] com.alipay.sofa.common.log               : Sofa-Middleware-Log SLF4J : Actual binding is of type [ com.alipay.sofa.rpc.boot Logback ]
2019-02-26 14:01:14.619  INFO 16996 --- [main] o.s.b.w.embedded.tomcat.TomcatWebServer  : Tomcat initialized with port(s): 8080 (http)
2019-02-26 14:01:14.646  INFO 16996 --- [main] o.apache.catalina.core.StandardService   : Starting service [Tomcat]
2019-02-26 14:01:14.646  INFO 16996 --- [main] org.apache.catalina.core.StandardEngine  : Starting Servlet Engine: Apache Tomcat/8.5.31
2019-02-26 14:01:14.651  INFO 16996 --- [localhost-startStop-1] o.a.catalina.core.AprLifecycleListener   : Loaded APR based Apache Tomcat Native library [1.2.14] using APR version [1.6.2].
2019-02-26 14:01:14.652  INFO 16996 --- [localhost-startStop-1] o.a.catalina.core.AprLifecycleListener   : APR capabilities: IPv6 [true], sendfile [true], accept filters [false], random [true].
2019-02-26 14:01:14.653  INFO 16996 --- [localhost-startStop-1] o.a.catalina.core.AprLifecycleListener   : APR/OpenSSL configuration: useAprConnector [false], useOpenSSL [true]
2019-02-26 14:01:15.709  INFO 16996 --- [localhost-startStop-1] o.a.catalina.core.AprLifecycleListener   : OpenSSL successfully initialized [OpenSSL 1.0.2l  25 May 2017]
2019-02-26 14:01:15.838  INFO 16996 --- [localhost-startStop-1] o.a.c.c.C.[Tomcat].[localhost].[/]       : Initializing Spring embedded WebApplicationContext
2019-02-26 14:01:15.839  INFO 16996 --- [localhost-startStop-1] o.s.web.context.ContextLoader            : Root WebApplicationContext: initialization completed in 2770 ms
2019-02-26 14:01:16.038  INFO 16996 --- [localhost-startStop-1] o.s.b.w.servlet.ServletRegistrationBean  : Servlet dispatcherServlet mapped to [/]
2019-02-26 14:01:16.044  INFO 16996 --- [localhost-startStop-1] o.s.b.w.servlet.FilterRegistrationBean   : Mapping filter: 'characterEncodingFilter' to: [/*]
2019-02-26 14:01:16.045  INFO 16996 --- [localhost-startStop-1] o.s.b.w.servlet.FilterRegistrationBean   : Mapping filter: 'hiddenHttpMethodFilter' to: [/*]
2019-02-26 14:01:16.046  INFO 16996 --- [localhost-startStop-1] o.s.b.w.servlet.FilterRegistrationBean   : Mapping filter: 'httpPutFormContentFilter' to: [/*]
2019-02-26 14:01:16.047  INFO 16996 --- [localhost-startStop-1] o.s.b.w.servlet.FilterRegistrationBean   : Mapping filter: 'requestContextFilter' to: [/*]
2019-02-26 14:01:16.138  INFO 16996 --- [main] com.alipay.sofa.common.log               : Sofa-Middleware-Log SLF4J : Actual binding is of type [ com.alipay.sofa.rpc Logback ]
2019-02-26 14:01:17.791  INFO 16996 --- [main] o.s.w.s.handler.SimpleUrlHandlerMapping  : Mapped URL path [/**/favicon.ico] onto handler of type [class org.springframework.web.servlet.resource.ResourceHttpRequestHandler]
2019-02-26 14:01:18.065  INFO 16996 --- [main] s.w.s.m.m.a.RequestMappingHandlerAdapter : Looking for @ControllerAdvice: org.springframework.boot.web.servlet.context.AnnotationConfigServletWebServerApplicationContext@1881664a: startup date [Tue Feb 26 14:01:13 CST 2019]; root of context hierarchy
2019-02-26 14:01:18.132  INFO 16996 --- [main] s.w.s.m.m.a.RequestMappingHandlerMapping : Mapped "{[/serviceWithoutUniqueId],methods=[GET]}" onto public java.lang.String com.example.controller.TestController.serviceWithoutUniqueId()
2019-02-26 14:01:18.138  INFO 16996 --- [main] s.w.s.m.m.a.RequestMappingHandlerMapping : Mapped "{[/error]}" onto public org.springframework.http.ResponseEntity<java.util.Map<java.lang.String, java.lang.Object>> org.springframework.boot.autoconfigure.web.servlet.error.BasicErrorController.error(javax.servlet.http.HttpServletRequest)
2019-02-26 14:01:18.140  INFO 16996 --- [main] s.w.s.m.m.a.RequestMappingHandlerMapping : Mapped "{[/error],produces=[text/html]}" onto public org.springframework.web.servlet.ModelAndView org.springframework.boot.autoconfigure.web.servlet.error.BasicErrorController.errorHtml(javax.servlet.http.HttpServletRequest,javax.servlet.http.HttpServletResponse)
2019-02-26 14:01:18.207  INFO 16996 --- [main] o.s.w.s.handler.SimpleUrlHandlerMapping  : Mapped URL path [/webjars/**] onto handler of type [class org.springframework.web.servlet.resource.ResourceHttpRequestHandler]
2019-02-26 14:01:18.208  INFO 16996 --- [main] o.s.w.s.handler.SimpleUrlHandlerMapping  : Mapped URL path [/**] onto handler of type [class org.springframework.web.servlet.resource.ResourceHttpRequestHandler]
2019-02-26 14:01:18.472  INFO 16996 --- [main] o.s.j.e.a.AnnotationMBeanExporter        : Registering beans for JMX exposure on startup
2019-02-26 14:01:18.494  INFO 16996 --- [main] com.alipay.sofa.common.log               : Sofa-Middleware-Log SLF4J : Actual binding is of type [ com.alipay.remoting Logback ]
2019-02-26 14:01:19.051  INFO 16996 --- [main] o.apache.catalina.core.StandardService   : Stopping service [Tomcat]
2019-02-26 14:01:19.062  INFO 16996 --- [main] ConditionEvaluationReportLoggingListener : 

Error starting ApplicationContext. To display the conditions report re-run your application with 'debug' enabled.
2019-02-26 14:01:19.074 ERROR 16996 --- [main] o.s.boot.SpringApplication               : Application run failed

java.lang.NullPointerException: null
	at com.alipay.sofa.rpc.client.AbstractCluster.updateProviders(AbstractCluster.java:203) ~[sofa-rpc-all-5.5.0.jar:5.5.0]
	at com.alipay.sofa.rpc.bootstrap.ClusterProviderInfoListener.updateProviders(ClusterProviderInfoListener.java:63) ~[sofa-rpc-all-5.5.0.jar:5.5.0]
	at com.alipay.sofa.rpc.registry.local.LocalRegistry.notifyConsumerListeners(LocalRegistry.java:422) ~[sofa-rpc-all-5.5.0.jar:5.5.0]
	at com.alipay.sofa.rpc.registry.local.LocalRegistry.doRegister(LocalRegistry.java:243) ~[sofa-rpc-all-5.5.0.jar:5.5.0]
	at com.alipay.sofa.rpc.registry.local.LocalRegistry.register(LocalRegistry.java:204) ~[sofa-rpc-all-5.5.0.jar:5.5.0]
	at com.alipay.sofa.rpc.boot.container.ProviderConfigContainer.publishAllProviderConfig(ProviderConfigContainer.java:120) ~[rpc-sofa-boot-core-6.0.0.jar:6.0.0]
	at com.alipay.sofa.rpc.boot.context.SofaBootRpcStartListener.onApplicationEvent(SofaBootRpcStartListener.java:81) ~[rpc-sofa-boot-core-6.0.0.jar:6.0.0]
	at com.alipay.sofa.rpc.boot.context.SofaBootRpcStartListener.onApplicationEvent(SofaBootRpcStartListener.java:42) ~[rpc-sofa-boot-core-6.0.0.jar:6.0.0]
	at org.springframework.context.event.SimpleApplicationEventMulticaster.doInvokeListener(SimpleApplicationEventMulticaster.java:172) ~[spring-context-5.0.7.RELEASE.jar:5.0.7.RELEASE]
	at org.springframework.context.event.SimpleApplicationEventMulticaster.invokeListener(SimpleApplicationEventMulticaster.java:165) ~[spring-context-5.0.7.RELEASE.jar:5.0.7.RELEASE]
	at org.springframework.context.event.SimpleApplicationEventMulticaster.multicastEvent(SimpleApplicationEventMulticaster.java:139) ~[spring-context-5.0.7.RELEASE.jar:5.0.7.RELEASE]
	at org.springframework.context.support.AbstractApplicationContext.publishEvent(AbstractApplicationContext.java:400) ~[spring-context-5.0.7.RELEASE.jar:5.0.7.RELEASE]
	at org.springframework.context.support.AbstractApplicationContext.publishEvent(AbstractApplicationContext.java:354) ~[spring-context-5.0.7.RELEASE.jar:5.0.7.RELEASE]
	at com.alipay.sofa.rpc.boot.context.ApplicationContextRefreshedListener.onApplicationEvent(ApplicationContextRefreshedListener.java:39) ~[rpc-sofa-boot-core-6.0.0.jar:6.0.0]
	at org.springframework.context.event.SimpleApplicationEventMulticaster.doInvokeListener(SimpleApplicationEventMulticaster.java:172) ~[spring-context-5.0.7.RELEASE.jar:5.0.7.RELEASE]
	at org.springframework.context.event.SimpleApplicationEventMulticaster.invokeListener(SimpleApplicationEventMulticaster.java:165) ~[spring-context-5.0.7.RELEASE.jar:5.0.7.RELEASE]
	at org.springframework.context.event.SimpleApplicationEventMulticaster.multicastEvent(SimpleApplicationEventMulticaster.java:139) ~[spring-context-5.0.7.RELEASE.jar:5.0.7.RELEASE]
	at org.springframework.context.support.AbstractApplicationContext.publishEvent(AbstractApplicationContext.java:400) ~[spring-context-5.0.7.RELEASE.jar:5.0.7.RELEASE]
	at org.springframework.context.support.AbstractApplicationContext.publishEvent(AbstractApplicationContext.java:354) ~[spring-context-5.0.7.RELEASE.jar:5.0.7.RELEASE]
	at org.springframework.context.support.AbstractApplicationContext.finishRefresh(AbstractApplicationContext.java:888) ~[spring-context-5.0.7.RELEASE.jar:5.0.7.RELEASE]
	at org.springframework.boot.web.servlet.context.ServletWebServerApplicationContext.finishRefresh(ServletWebServerApplicationContext.java:161) ~[spring-boot-2.0.3.RELEASE.jar:2.0.3.RELEASE]
	at org.springframework.context.support.AbstractApplicationContext.refresh(AbstractApplicationContext.java:553) ~[spring-context-5.0.7.RELEASE.jar:5.0.7.RELEASE]
	at org.springframework.boot.web.servlet.context.ServletWebServerApplicationContext.refresh(ServletWebServerApplicationContext.java:140) ~[spring-boot-2.0.3.RELEASE.jar:2.0.3.RELEASE]
	at org.springframework.boot.SpringApplication.refresh(SpringApplication.java:759) ~[spring-boot-2.0.3.RELEASE.jar:2.0.3.RELEASE]
	at org.springframework.boot.SpringApplication.refreshContext(SpringApplication.java:395) ~[spring-boot-2.0.3.RELEASE.jar:2.0.3.RELEASE]
	at org.springframework.boot.SpringApplication.run(SpringApplication.java:327) ~[spring-boot-2.0.3.RELEASE.jar:2.0.3.RELEASE]
	at com.example.SpringBootSofarpcApplication.main(SpringBootSofarpcApplication.java:22) [classes/:na]
	at sun.reflect.NativeMethodAccessorImpl.invoke0(Native Method) ~[na:1.8.0_152]
	at sun.reflect.NativeMethodAccessorImpl.invoke(NativeMethodAccessorImpl.java:62) ~[na:1.8.0_152]
	at sun.reflect.DelegatingMethodAccessorImpl.invoke(DelegatingMethodAccessorImpl.java:43) ~[na:1.8.0_152]
	at java.lang.reflect.Method.invoke(Method.java:498) ~[na:na]
	at com.alipay.sofa.ark.bootstrap.MainMethodRunner.run(MainMethodRunner.java:48) [sofa-ark-archive-0.5.2.jar!/:na]
	at com.alipay.sofa.ark.container.model.BizModel.start(BizModel.java:179) [sofa-ark-container-0.5.2.jar!/:na]
	at com.alipay.sofa.ark.container.service.biz.DefaultBizDeployer.deploy(DefaultBizDeployer.java:52) [sofa-ark-container-0.5.2.jar!/:na]
	at com.alipay.sofa.ark.container.service.biz.BizDeployServiceImpl.deploy(BizDeployServiceImpl.java:55) [sofa-ark-container-0.5.2.jar!/:na]
	at com.alipay.sofa.ark.container.pipeline.DeployBizStage.process(DeployBizStage.java:44) [sofa-ark-container-0.5.2.jar!/:na]
	at com.alipay.sofa.ark.container.pipeline.StandardPipeline.process(StandardPipeline.java:73) [sofa-ark-container-0.5.2.jar!/:na]
	at com.alipay.sofa.ark.container.ArkContainer.start(ArkContainer.java:113) [sofa-ark-container-0.5.2.jar!/:na]
	at com.alipay.sofa.ark.container.ArkContainer.main(ArkContainer.java:74) [sofa-ark-container-0.5.2.jar!/:na]
	at sun.reflect.NativeMethodAccessorImpl.invoke0(Native Method) ~[na:1.8.0_152]
	at sun.reflect.NativeMethodAccessorImpl.invoke(NativeMethodAccessorImpl.java:62) ~[na:1.8.0_152]
	at sun.reflect.DelegatingMethodAccessorImpl.invoke(DelegatingMethodAccessorImpl.java:43) ~[na:1.8.0_152]
	at java.lang.reflect.Method.invoke(Method.java:498) ~[na:na]
	at com.alipay.sofa.ark.bootstrap.MainMethodRunner.run(MainMethodRunner.java:48) [sofa-ark-archive-0.5.2.jar!/:na]
	at com.alipay.sofa.ark.bootstrap.AbstractLauncher.launch(AbstractLauncher.java:108) [sofa-ark-archive-0.5.2.jar:na]
	at com.alipay.sofa.ark.bootstrap.AbstractLauncher.launch(AbstractLauncher.java:76) [sofa-ark-archive-0.5.2.jar:na]
	at com.alipay.sofa.ark.support.startup.SofaArkBootstrap.remain(SofaArkBootstrap.java:81) [sofa-ark-support-starter-0.5.2.jar:na]
	at sun.reflect.NativeMethodAccessorImpl.invoke0(Native Method) ~[na:1.8.0_152]
	at sun.reflect.NativeMethodAccessorImpl.invoke(NativeMethodAccessorImpl.java:62) ~[na:1.8.0_152]
	at sun.reflect.DelegatingMethodAccessorImpl.invoke(DelegatingMethodAccessorImpl.java:43) ~[na:1.8.0_152]
	at java.lang.reflect.Method.invoke(Method.java:498) ~[na:na]
	at com.alipay.sofa.ark.support.thread.LaunchRunner.run(LaunchRunner.java:61) [sofa-ark-support-starter-0.5.2.jar:na]
	at java.lang.Thread.run(Thread.java:748) [na:na]

2019-02-26 14:01:19.075  INFO 16996 --- [main] ConfigServletWebServerApplicationContext : Closing org.springframework.boot.web.servlet.context.AnnotationConfigServletWebServerApplicationContext@1881664a: startup date [Tue Feb 26 14:01:13 CST 2019]; root of context hierarchy
2019-02-26 14:01:23.770  INFO 16996 --- [main] o.s.j.e.a.AnnotationMBeanExporter        : Unregistering JMX-exposed beans on shutdown
2019-02-26 14:01:41.976  INFO 16228 --- [main] com.alipay.sofa.common.log               : Sofa-Middleware-Log SLF4J : Actual logging.path is [ ./logs ]
2019-02-26 14:01:41.993  INFO 16228 --- [main] com.alipay.sofa.common.log               : Sofa-Middleware-Log SLF4J : Actual binding is of type [ com.alipay.sofa.infra Logback ]
2019-02-26 14:01:42.128  INFO 16228 --- [main] com.alipay.sofa.common.log               : Sofa-Middleware-Log SLF4J : Actual logging.path is [ ./logs ]
2019-02-26 14:01:42.128  INFO 16228 --- [main] com.alipay.sofa.common.log               : Sofa-Middleware-Log SLF4J : Actual logging.path is [ ./logs ]
2019-02-26 14:01:42.134  INFO 16228 --- [main] com.alipay.sofa.common.log               : Sofa-Middleware-Log SLF4J : Actual logging.path is [ ./logs ]
2019-02-26 14:01:42.137  INFO 16228 --- [main] com.alipay.sofa.common.log               : Sofa-Middleware-Log SLF4J : Actual binding is of type [ com.alipay.sofa.runtime Logback ]
2019-02-26 14:01:42.168  INFO 16228 --- [main] c.example.SpringBootSofarpcApplication   : Starting SpringBootSofarpcApplication on DESKTOP-GAOFEQL with PID 16228 (C:\soft\work\eclipse-workspace-javaee\spring-boot-sofarpc\target\classes started by yin in C:\soft\work\eclipse-workspace-javaee\spring-boot-sofarpc)
2019-02-26 14:01:42.169  INFO 16228 --- [main] c.example.SpringBootSofarpcApplication   : No active profile set, falling back to default profiles: default
2019-02-26 14:01:42.259  INFO 16228 --- [main] ConfigServletWebServerApplicationContext : Refreshing org.springframework.boot.web.servlet.context.AnnotationConfigServletWebServerApplicationContext@2db0c00c: startup date [Tue Feb 26 14:01:42 CST 2019]; root of context hierarchy
2019-02-26 14:01:42.850  INFO 16228 --- [main] o.s.b.f.xml.XmlBeanDefinitionReader      : Loading XML bean definitions from URL [file:/C:/soft/work/eclipse-workspace-javaee/spring-boot-sofarpc/target/classes/rest-server-example.xml]
2019-02-26 14:01:42.994  INFO 16228 --- [main] com.alipay.sofa.common.log               : Sofa-Middleware-Log SLF4J : Actual binding is of type [ com.alipay.sofa.rpc.boot Logback ]
2019-02-26 14:01:43.847  INFO 16228 --- [main] o.s.b.w.embedded.tomcat.TomcatWebServer  : Tomcat initialized with port(s): 8080 (http)
2019-02-26 14:01:43.874  INFO 16228 --- [main] o.apache.catalina.core.StandardService   : Starting service [Tomcat]
2019-02-26 14:01:43.874  INFO 16228 --- [main] org.apache.catalina.core.StandardEngine  : Starting Servlet Engine: Apache Tomcat/8.5.31
2019-02-26 14:01:43.880  INFO 16228 --- [localhost-startStop-1] o.a.catalina.core.AprLifecycleListener   : Loaded APR based Apache Tomcat Native library [1.2.14] using APR version [1.6.2].
2019-02-26 14:01:43.881  INFO 16228 --- [localhost-startStop-1] o.a.catalina.core.AprLifecycleListener   : APR capabilities: IPv6 [true], sendfile [true], accept filters [false], random [true].
2019-02-26 14:01:43.882  INFO 16228 --- [localhost-startStop-1] o.a.catalina.core.AprLifecycleListener   : APR/OpenSSL configuration: useAprConnector [false], useOpenSSL [true]
2019-02-26 14:01:44.945  INFO 16228 --- [localhost-startStop-1] o.a.catalina.core.AprLifecycleListener   : OpenSSL successfully initialized [OpenSSL 1.0.2l  25 May 2017]
2019-02-26 14:01:45.086  INFO 16228 --- [localhost-startStop-1] o.a.c.c.C.[Tomcat].[localhost].[/]       : Initializing Spring embedded WebApplicationContext
2019-02-26 14:01:45.086  INFO 16228 --- [localhost-startStop-1] o.s.web.context.ContextLoader            : Root WebApplicationContext: initialization completed in 2827 ms
2019-02-26 14:01:45.279  INFO 16228 --- [localhost-startStop-1] o.s.b.w.servlet.ServletRegistrationBean  : Servlet dispatcherServlet mapped to [/]
2019-02-26 14:01:45.286  INFO 16228 --- [localhost-startStop-1] o.s.b.w.servlet.FilterRegistrationBean   : Mapping filter: 'characterEncodingFilter' to: [/*]
2019-02-26 14:01:45.287  INFO 16228 --- [localhost-startStop-1] o.s.b.w.servlet.FilterRegistrationBean   : Mapping filter: 'hiddenHttpMethodFilter' to: [/*]
2019-02-26 14:01:45.287  INFO 16228 --- [localhost-startStop-1] o.s.b.w.servlet.FilterRegistrationBean   : Mapping filter: 'httpPutFormContentFilter' to: [/*]
2019-02-26 14:01:45.288  INFO 16228 --- [localhost-startStop-1] o.s.b.w.servlet.FilterRegistrationBean   : Mapping filter: 'requestContextFilter' to: [/*]
2019-02-26 14:01:45.398  INFO 16228 --- [main] com.alipay.sofa.common.log               : Sofa-Middleware-Log SLF4J : Actual binding is of type [ com.alipay.sofa.rpc Logback ]
2019-02-26 14:01:47.054  INFO 16228 --- [main] o.s.w.s.handler.SimpleUrlHandlerMapping  : Mapped URL path [/**/favicon.ico] onto handler of type [class org.springframework.web.servlet.resource.ResourceHttpRequestHandler]
2019-02-26 14:01:47.336  INFO 16228 --- [main] s.w.s.m.m.a.RequestMappingHandlerAdapter : Looking for @ControllerAdvice: org.springframework.boot.web.servlet.context.AnnotationConfigServletWebServerApplicationContext@2db0c00c: startup date [Tue Feb 26 14:01:42 CST 2019]; root of context hierarchy
2019-02-26 14:01:47.429  INFO 16228 --- [main] s.w.s.m.m.a.RequestMappingHandlerMapping : Mapped "{[/serviceWithoutUniqueId],methods=[GET]}" onto public java.lang.String com.example.controller.TestController.serviceWithoutUniqueId()
2019-02-26 14:01:47.435  INFO 16228 --- [main] s.w.s.m.m.a.RequestMappingHandlerMapping : Mapped "{[/error]}" onto public org.springframework.http.ResponseEntity<java.util.Map<java.lang.String, java.lang.Object>> org.springframework.boot.autoconfigure.web.servlet.error.BasicErrorController.error(javax.servlet.http.HttpServletRequest)
2019-02-26 14:01:47.436  INFO 16228 --- [main] s.w.s.m.m.a.RequestMappingHandlerMapping : Mapped "{[/error],produces=[text/html]}" onto public org.springframework.web.servlet.ModelAndView org.springframework.boot.autoconfigure.web.servlet.error.BasicErrorController.errorHtml(javax.servlet.http.HttpServletRequest,javax.servlet.http.HttpServletResponse)
2019-02-26 14:01:47.479  INFO 16228 --- [main] o.s.w.s.handler.SimpleUrlHandlerMapping  : Mapped URL path [/webjars/**] onto handler of type [class org.springframework.web.servlet.resource.ResourceHttpRequestHandler]
2019-02-26 14:01:47.483  INFO 16228 --- [main] o.s.w.s.handler.SimpleUrlHandlerMapping  : Mapped URL path [/**] onto handler of type [class org.springframework.web.servlet.resource.ResourceHttpRequestHandler]
2019-02-26 14:01:47.747  INFO 16228 --- [main] o.s.j.e.a.AnnotationMBeanExporter        : Registering beans for JMX exposure on startup
2019-02-26 14:01:47.769  INFO 16228 --- [main] com.alipay.sofa.common.log               : Sofa-Middleware-Log SLF4J : Actual binding is of type [ com.alipay.remoting Logback ]
2019-02-26 14:01:48.664  INFO 16228 --- [main] o.s.b.w.embedded.tomcat.TomcatWebServer  : Tomcat started on port(s): 8080 (http) with context path ''
2019-02-26 14:01:48.672  INFO 16228 --- [main] c.example.SpringBootSofarpcApplication   : Started SpringBootSofarpcApplication in 7.263 seconds (JVM running for 9.406)
2019-02-26 14:01:56.304  INFO 16228 --- [http-nio-8080-exec-1] o.a.c.c.C.[Tomcat].[localhost].[/]       : Initializing Spring FrameworkServlet 'dispatcherServlet'
2019-02-26 14:01:56.305  INFO 16228 --- [http-nio-8080-exec-1] o.s.web.servlet.DispatcherServlet        : FrameworkServlet 'dispatcherServlet': initialization started
2019-02-26 14:01:56.342  INFO 16228 --- [http-nio-8080-exec-1] o.s.web.servlet.DispatcherServlet        : FrameworkServlet 'dispatcherServlet': initialization completed in 36 ms
2019-02-26 14:06:14.369  INFO 16228 --- [RMI TCP Connection(2)-127.0.0.1] inMXBeanRegistrar$SpringApplicationAdmin : Application shutdown requested.
2019-02-26 14:06:14.370  INFO 16228 --- [RMI TCP Connection(2)-127.0.0.1] ConfigServletWebServerApplicationContext : Closing org.springframework.boot.web.servlet.context.AnnotationConfigServletWebServerApplicationContext@2db0c00c: startup date [Tue Feb 26 14:01:42 CST 2019]; root of context hierarchy
2019-02-26 14:06:15.954  INFO 16228 --- [RMI TCP Connection(3)-127.0.0.1] inMXBeanRegistrar$SpringApplicationAdmin : Application shutdown requested.
2019-02-26 14:06:16.974  INFO 16228 --- [RMI TCP Connection(4)-127.0.0.1] inMXBeanRegistrar$SpringApplicationAdmin : Application shutdown requested.
2019-02-26 14:06:17.854  INFO 16228 --- [RMI TCP Connection(5)-127.0.0.1] inMXBeanRegistrar$SpringApplicationAdmin : Application shutdown requested.
2019-02-26 14:06:19.088  INFO 16228 --- [RMI TCP Connection(2)-127.0.0.1] o.s.j.e.a.AnnotationMBeanExporter        : Unregistering JMX-exposed beans on shutdown
2019-02-26 15:18:11.672  INFO 24572 --- [main] com.alipay.sofa.common.log               : Sofa-Middleware-Log SLF4J : Actual logging.path is [ ./logs ]
2019-02-26 15:18:11.718  INFO 24572 --- [main] com.alipay.sofa.common.log               : Sofa-Middleware-Log SLF4J : Actual binding is of type [ com.alipay.sofa.infra Logback ]
2019-02-26 15:18:11.946  INFO 24572 --- [main] com.alipay.sofa.common.log               : Sofa-Middleware-Log SLF4J : Actual logging.path is [ ./logs ]
2019-02-26 15:18:11.947  INFO 24572 --- [main] com.alipay.sofa.common.log               : Sofa-Middleware-Log SLF4J : Actual logging.path is [ ./logs ]
2019-02-26 15:18:11.951  INFO 24572 --- [main] com.alipay.sofa.common.log               : Sofa-Middleware-Log SLF4J : Actual logging.path is [ ./logs ]
2019-02-26 15:18:11.955  INFO 24572 --- [main] com.alipay.sofa.common.log               : Sofa-Middleware-Log SLF4J : Actual binding is of type [ com.alipay.sofa.runtime Logback ]
2019-02-26 15:18:11.990  INFO 24572 --- [main] c.example.SpringBootSofarpcApplication   : Starting SpringBootSofarpcApplication on DESKTOP-GAOFEQL with PID 24572 (C:\soft\work\eclipse-workspace-javaee\spring-boot-sofarpc\target\classes started by yin in C:\soft\work\eclipse-workspace-javaee\spring-boot-sofarpc)
2019-02-26 15:18:11.992  INFO 24572 --- [main] c.example.SpringBootSofarpcApplication   : No active profile set, falling back to default profiles: default
2019-02-26 15:18:12.080  INFO 24572 --- [main] ConfigServletWebServerApplicationContext : Refreshing org.springframework.boot.web.servlet.context.AnnotationConfigServletWebServerApplicationContext@1f682667: startup date [Tue Feb 26 15:18:12 CST 2019]; root of context hierarchy
2019-02-26 15:18:12.835  INFO 24572 --- [main] o.s.b.f.xml.XmlBeanDefinitionReader      : Loading XML bean definitions from URL [file:/C:/soft/work/eclipse-workspace-javaee/spring-boot-sofarpc/target/classes/rest-server-example.xml]
2019-02-26 15:18:12.977  INFO 24572 --- [main] com.alipay.sofa.common.log               : Sofa-Middleware-Log SLF4J : Actual binding is of type [ com.alipay.sofa.rpc.boot Logback ]
2019-02-26 15:18:14.112  INFO 24572 --- [main] o.s.b.w.embedded.tomcat.TomcatWebServer  : Tomcat initialized with port(s): 8080 (http)
2019-02-26 15:18:14.146  INFO 24572 --- [main] o.apache.catalina.core.StandardService   : Starting service [Tomcat]
2019-02-26 15:18:14.147  INFO 24572 --- [main] org.apache.catalina.core.StandardEngine  : Starting Servlet Engine: Apache Tomcat/8.5.31
2019-02-26 15:18:14.163  INFO 24572 --- [localhost-startStop-1] o.a.catalina.core.AprLifecycleListener   : Loaded APR based Apache Tomcat Native library [1.2.14] using APR version [1.6.2].
2019-02-26 15:18:14.164  INFO 24572 --- [localhost-startStop-1] o.a.catalina.core.AprLifecycleListener   : APR capabilities: IPv6 [true], sendfile [true], accept filters [false], random [true].
2019-02-26 15:18:14.165  INFO 24572 --- [localhost-startStop-1] o.a.catalina.core.AprLifecycleListener   : APR/OpenSSL configuration: useAprConnector [false], useOpenSSL [true]
2019-02-26 15:18:15.226  INFO 24572 --- [localhost-startStop-1] o.a.catalina.core.AprLifecycleListener   : OpenSSL successfully initialized [OpenSSL 1.0.2l  25 May 2017]
2019-02-26 15:18:15.412  INFO 24572 --- [localhost-startStop-1] o.a.c.c.C.[Tomcat].[localhost].[/]       : Initializing Spring embedded WebApplicationContext
2019-02-26 15:18:15.412  INFO 24572 --- [localhost-startStop-1] o.s.web.context.ContextLoader            : Root WebApplicationContext: initialization completed in 3332 ms
2019-02-26 15:18:15.634  INFO 24572 --- [localhost-startStop-1] o.s.b.w.servlet.ServletRegistrationBean  : Servlet dispatcherServlet mapped to [/]
2019-02-26 15:18:15.641  INFO 24572 --- [localhost-startStop-1] o.s.b.w.servlet.FilterRegistrationBean   : Mapping filter: 'characterEncodingFilter' to: [/*]
2019-02-26 15:18:15.642  INFO 24572 --- [localhost-startStop-1] o.s.b.w.servlet.FilterRegistrationBean   : Mapping filter: 'hiddenHttpMethodFilter' to: [/*]
2019-02-26 15:18:15.642  INFO 24572 --- [localhost-startStop-1] o.s.b.w.servlet.FilterRegistrationBean   : Mapping filter: 'httpPutFormContentFilter' to: [/*]
2019-02-26 15:18:15.643  INFO 24572 --- [localhost-startStop-1] o.s.b.w.servlet.FilterRegistrationBean   : Mapping filter: 'requestContextFilter' to: [/*]
2019-02-26 15:18:15.753  INFO 24572 --- [main] com.alipay.sofa.common.log               : Sofa-Middleware-Log SLF4J : Actual binding is of type [ com.alipay.sofa.rpc Logback ]
2019-02-26 15:18:17.721  INFO 24572 --- [main] o.s.w.s.handler.SimpleUrlHandlerMapping  : Mapped URL path [/**/favicon.ico] onto handler of type [class org.springframework.web.servlet.resource.ResourceHttpRequestHandler]
2019-02-26 15:18:18.046  INFO 24572 --- [main] s.w.s.m.m.a.RequestMappingHandlerAdapter : Looking for @ControllerAdvice: org.springframework.boot.web.servlet.context.AnnotationConfigServletWebServerApplicationContext@1f682667: startup date [Tue Feb 26 15:18:12 CST 2019]; root of context hierarchy
2019-02-26 15:18:18.342  INFO 24572 --- [main] s.w.s.m.m.a.RequestMappingHandlerMapping : Mapped "{[/serviceWithoutUniqueId],methods=[GET]}" onto public java.lang.String com.example.controller.TestController.serviceWithoutUniqueId()
2019-02-26 15:18:18.348  INFO 24572 --- [main] s.w.s.m.m.a.RequestMappingHandlerMapping : Mapped "{[/error]}" onto public org.springframework.http.ResponseEntity<java.util.Map<java.lang.String, java.lang.Object>> org.springframework.boot.autoconfigure.web.servlet.error.BasicErrorController.error(javax.servlet.http.HttpServletRequest)
2019-02-26 15:18:18.350  INFO 24572 --- [main] s.w.s.m.m.a.RequestMappingHandlerMapping : Mapped "{[/error],produces=[text/html]}" onto public org.springframework.web.servlet.ModelAndView org.springframework.boot.autoconfigure.web.servlet.error.BasicErrorController.errorHtml(javax.servlet.http.HttpServletRequest,javax.servlet.http.HttpServletResponse)
2019-02-26 15:18:18.409  INFO 24572 --- [main] o.s.w.s.handler.SimpleUrlHandlerMapping  : Mapped URL path [/webjars/**] onto handler of type [class org.springframework.web.servlet.resource.ResourceHttpRequestHandler]
2019-02-26 15:18:18.418  INFO 24572 --- [main] o.s.w.s.handler.SimpleUrlHandlerMapping  : Mapped URL path [/**] onto handler of type [class org.springframework.web.servlet.resource.ResourceHttpRequestHandler]
2019-02-26 15:18:18.763  INFO 24572 --- [main] o.s.j.e.a.AnnotationMBeanExporter        : Registering beans for JMX exposure on startup
2019-02-26 15:18:18.802  INFO 24572 --- [main] com.alipay.sofa.common.log               : Sofa-Middleware-Log SLF4J : Actual binding is of type [ com.alipay.remoting Logback ]
2019-02-26 15:18:19.916  INFO 24572 --- [main] o.s.b.w.embedded.tomcat.TomcatWebServer  : Tomcat started on port(s): 8080 (http) with context path ''
2019-02-26 15:18:19.921  INFO 24572 --- [main] c.example.SpringBootSofarpcApplication   : Started SpringBootSofarpcApplication in 9.185 seconds (JVM running for 11.87)
