2019-03-25 17:39:52,033 INFO  main                             - SOFABoot Runtime Starting!
2019-03-25 17:39:54,188 INFO  main                             - Registering component: reference:com.example.service.SimpleJvmService:#414599042
2019-03-25 17:39:54,188 INFO  main                             -  >>In Binding [jvm] Begins - com.example.service.SimpleJvmService.
2019-03-25 17:39:54,190 INFO  main                             -  >>In Binding [jvm] Ends - com.example.service.SimpleJvmService.
2019-03-25 17:39:54,191 INFO  main                             - Registering component: reference:com.example.service.SimpleJvmService:annotationJvmServiceImpl#414599042
2019-03-25 17:39:54,191 INFO  main                             -  >>In Binding [jvm] Begins - com.example.service.SimpleJvmService:annotationJvmServiceImpl.
2019-03-25 17:39:54,191 INFO  main                             -  >>In Binding [jvm] Ends - com.example.service.SimpleJvmService:annotationJvmServiceImpl.
2019-03-25 17:39:54,191 INFO  main                             - Registering component: reference:com.example.service.SimpleJvmService:serviceClientImpl#414599042
2019-03-25 17:39:54,191 INFO  main                             -  >>In Binding [jvm] Begins - com.example.service.SimpleJvmService:serviceClientImpl.
2019-03-25 17:39:54,192 INFO  main                             -  >>In Binding [jvm] Ends - com.example.service.SimpleJvmService:serviceClientImpl.
2019-03-25 17:39:54,249 INFO  main                             - Registering component: service:com.example.service.DemoService
2019-03-25 17:39:54,249 INFO  main                             -  <<PreOut Binding [bolt] Begins - com.example.service.DemoService.
2019-03-25 17:39:55,117 INFO  main                             -  <<PreOut Binding [bolt] Ends - com.example.service.DemoService.
2019-03-25 17:39:55,117 INFO  main                             -  <<Out Binding [bolt] Begins - com.example.service.DemoService.
2019-03-25 17:39:55,170 INFO  main                             -  <<Out Binding [bolt] Ends - com.example.service.DemoService.
2019-03-25 17:39:55,170 INFO  main                             - Register Service - com.example.service.DemoService
2019-03-25 17:39:55,207 INFO  main                             - Registering component: service:com.example.service.impl.HelloSynService
2019-03-25 17:39:55,207 INFO  main                             -  <<PreOut Binding [bolt] Begins - com.example.service.impl.HelloSynService.
2019-03-25 17:39:55,207 INFO  main                             -  <<PreOut Binding [bolt] Ends - com.example.service.impl.HelloSynService.
2019-03-25 17:39:55,207 INFO  main                             -  <<Out Binding [bolt] Begins - com.example.service.impl.HelloSynService.
2019-03-25 17:39:55,209 INFO  main                             -  <<Out Binding [bolt] Ends - com.example.service.impl.HelloSynService.
2019-03-25 17:39:55,209 INFO  main                             - Register Service - com.example.service.impl.HelloSynService
2019-03-25 17:39:55,218 INFO  main                             - Registering component: reference:com.example.service.impl.HelloSynService:#1595856439
2019-03-25 17:39:55,218 INFO  main                             -  >>In Binding [bolt] Begins - com.example.service.impl.HelloSynService.
2019-03-25 17:39:58,999 INFO  main                             -  >>In Binding [bolt] Ends - com.example.service.impl.HelloSynService.
2019-03-25 17:39:58,999 INFO  main                             -  >>In Binding [jvm] Begins - com.example.service.impl.HelloSynService.
2019-03-25 17:39:59,001 INFO  main                             -  >>In Binding [jvm] Ends - com.example.service.impl.HelloSynService.
2019-03-25 17:39:59,012 INFO  main                             - Registering component: service:com.example.service.PersonService
2019-03-25 17:39:59,012 INFO  main                             -  <<PreOut Binding [bolt] Begins - com.example.service.PersonService.
2019-03-25 17:39:59,012 INFO  main                             -  <<PreOut Binding [bolt] Ends - com.example.service.PersonService.
2019-03-25 17:39:59,012 INFO  main                             -  <<PreOut Binding [rest] Begins - com.example.service.PersonService.
2019-03-25 17:39:59,019 INFO  main                             -  <<PreOut Binding [rest] Ends - com.example.service.PersonService.
2019-03-25 17:39:59,019 INFO  main                             -  <<Out Binding [bolt] Begins - com.example.service.PersonService.
2019-03-25 17:39:59,020 INFO  main                             -  <<Out Binding [bolt] Ends - com.example.service.PersonService.
2019-03-25 17:39:59,020 INFO  main                             -  <<Out Binding [rest] Begins - com.example.service.PersonService.
2019-03-25 17:39:59,562 INFO  main                             -  <<Out Binding [rest] Ends - com.example.service.PersonService.
2019-03-25 17:39:59,562 INFO  main                             - Register Service - com.example.service.PersonService
2019-03-25 17:39:59,564 INFO  main                             - Registering component: reference:com.example.service.PersonService:#1502765815
2019-03-25 17:39:59,564 INFO  main                             -  >>In Binding [bolt] Begins - com.example.service.PersonService.
2019-03-25 17:40:00,575 INFO  main                             -  >>In Binding [bolt] Ends - com.example.service.PersonService.
2019-03-25 17:40:00,576 INFO  main                             -  >>In Binding [jvm] Begins - com.example.service.PersonService.
2019-03-25 17:40:00,578 INFO  main                             -  >>In Binding [jvm] Ends - com.example.service.PersonService.
2019-03-25 17:40:00,579 INFO  main                             - Registering component: reference:com.example.service.PersonService:#-1790379280
2019-03-25 17:40:00,579 INFO  main                             -  >>In Binding [rest] Begins - com.example.service.PersonService.
2019-03-25 17:40:04,085 INFO  main                             -  >>In Binding [rest] Ends - com.example.service.PersonService.
2019-03-25 17:40:04,086 INFO  main                             -  >>In Binding [jvm] Begins - com.example.service.PersonService.
2019-03-25 17:40:04,086 INFO  main                             -  >>In Binding [jvm] Ends - com.example.service.PersonService.
2019-03-25 17:40:04,104 INFO  main                             - Registering component: service:com.example.service.SimpleRestService
2019-03-25 17:40:04,104 INFO  main                             -  <<PreOut Binding [rest] Begins - com.example.service.SimpleRestService.
2019-03-25 17:40:04,104 INFO  main                             -  <<PreOut Binding [rest] Ends - com.example.service.SimpleRestService.
2019-03-25 17:40:04,104 INFO  main                             -  <<Out Binding [rest] Begins - com.example.service.SimpleRestService.
2019-03-25 17:40:04,152 INFO  main                             -  <<Out Binding [rest] Ends - com.example.service.SimpleRestService.
2019-03-25 17:40:04,153 INFO  main                             - Register Service - com.example.service.SimpleRestService
2019-03-25 17:40:04,160 INFO  main                             - Registering component: service:com.example.service.SimpleJvmService
2019-03-25 17:40:04,160 INFO  main                             -  <<PreOut Binding [jvm] Begins - com.example.service.SimpleJvmService.
2019-03-25 17:40:04,160 INFO  main                             -  <<PreOut Binding [jvm] Ends - com.example.service.SimpleJvmService.
2019-03-25 17:40:04,160 INFO  main                             -  <<Out Binding [jvm] Begins - com.example.service.SimpleJvmService.
2019-03-25 17:40:04,160 INFO  main                             -  <<Out Binding [jvm] Ends - com.example.service.SimpleJvmService.
2019-03-25 17:40:04,160 INFO  main                             - Register Service - com.example.service.SimpleJvmService
2019-03-25 17:40:04,166 INFO  main                             - Registering component: service:com.example.service.SimpleJvmService:serviceClientImpl
2019-03-25 17:40:04,166 INFO  main                             -  <<PreOut Binding [jvm] Begins - com.example.service.SimpleJvmService:serviceClientImpl.
2019-03-25 17:40:04,166 INFO  main                             -  <<PreOut Binding [jvm] Ends - com.example.service.SimpleJvmService:serviceClientImpl.
2019-03-25 17:40:04,166 INFO  main                             -  <<Out Binding [jvm] Begins - com.example.service.SimpleJvmService:serviceClientImpl.
2019-03-25 17:40:04,166 INFO  main                             -  <<Out Binding [jvm] Ends - com.example.service.SimpleJvmService:serviceClientImpl.
2019-03-25 17:40:04,166 INFO  main                             - Register Service - com.example.service.SimpleJvmService:serviceClientImpl
2019-03-25 17:40:04,171 INFO  main                             - Registering component: service:com.example.service.SimpleJvmService:annotationJvmServiceImpl
2019-03-25 17:40:04,172 INFO  main                             -  <<PreOut Binding [jvm] Begins - com.example.service.SimpleJvmService:annotationJvmServiceImpl.
2019-03-25 17:40:04,172 INFO  main                             -  <<PreOut Binding [jvm] Ends - com.example.service.SimpleJvmService:annotationJvmServiceImpl.
2019-03-25 17:40:04,172 INFO  main                             -  <<Out Binding [jvm] Begins - com.example.service.SimpleJvmService:annotationJvmServiceImpl.
2019-03-25 17:40:04,172 INFO  main                             -  <<Out Binding [jvm] Ends - com.example.service.SimpleJvmService:annotationJvmServiceImpl.
2019-03-25 17:40:04,172 INFO  main                             - Register Service - com.example.service.SimpleJvmService:annotationJvmServiceImpl
2019-03-25 17:41:11,263 INFO  main                             - SOFABoot Runtime Starting!
2019-03-25 17:41:13,026 INFO  main                             - Registering component: reference:com.example.service.SimpleJvmService:#414599042
2019-03-25 17:41:13,027 INFO  main                             -  >>In Binding [jvm] Begins - com.example.service.SimpleJvmService.
2019-03-25 17:41:13,028 INFO  main                             -  >>In Binding [jvm] Ends - com.example.service.SimpleJvmService.
2019-03-25 17:41:13,030 INFO  main                             - Registering component: reference:com.example.service.SimpleJvmService:annotationJvmServiceImpl#414599042
2019-03-25 17:41:13,030 INFO  main                             -  >>In Binding [jvm] Begins - com.example.service.SimpleJvmService:annotationJvmServiceImpl.
2019-03-25 17:41:13,030 INFO  main                             -  >>In Binding [jvm] Ends - com.example.service.SimpleJvmService:annotationJvmServiceImpl.
2019-03-25 17:41:13,030 INFO  main                             - Registering component: reference:com.example.service.SimpleJvmService:serviceClientImpl#414599042
2019-03-25 17:41:13,030 INFO  main                             -  >>In Binding [jvm] Begins - com.example.service.SimpleJvmService:serviceClientImpl.
2019-03-25 17:41:13,030 INFO  main                             -  >>In Binding [jvm] Ends - com.example.service.SimpleJvmService:serviceClientImpl.
2019-03-25 17:41:13,079 INFO  main                             - Registering component: service:com.example.service.DemoService
2019-03-25 17:41:13,079 INFO  main                             -  <<PreOut Binding [bolt] Begins - com.example.service.DemoService.
2019-03-25 17:41:13,733 INFO  main                             -  <<PreOut Binding [bolt] Ends - com.example.service.DemoService.
2019-03-25 17:41:13,734 INFO  main                             -  <<Out Binding [bolt] Begins - com.example.service.DemoService.
2019-03-25 17:41:13,770 INFO  main                             -  <<Out Binding [bolt] Ends - com.example.service.DemoService.
2019-03-25 17:41:13,770 INFO  main                             - Register Service - com.example.service.DemoService
2019-03-25 17:41:13,800 INFO  main                             - Registering component: service:com.example.service.impl.HelloSynService
2019-03-25 17:41:13,801 INFO  main                             -  <<PreOut Binding [bolt] Begins - com.example.service.impl.HelloSynService.
2019-03-25 17:41:13,801 INFO  main                             -  <<PreOut Binding [bolt] Ends - com.example.service.impl.HelloSynService.
2019-03-25 17:41:13,801 INFO  main                             -  <<Out Binding [bolt] Begins - com.example.service.impl.HelloSynService.
2019-03-25 17:41:13,802 INFO  main                             -  <<Out Binding [bolt] Ends - com.example.service.impl.HelloSynService.
2019-03-25 17:41:13,802 INFO  main                             - Register Service - com.example.service.impl.HelloSynService
2019-03-25 17:41:13,811 INFO  main                             - Registering component: reference:com.example.service.impl.HelloSynService:#-189552150
2019-03-25 17:41:13,811 INFO  main                             -  >>In Binding [bolt] Begins - com.example.service.impl.HelloSynService.
2019-03-25 17:41:17,523 INFO  main                             -  >>In Binding [bolt] Ends - com.example.service.impl.HelloSynService.
2019-03-25 17:41:17,523 INFO  main                             -  >>In Binding [jvm] Begins - com.example.service.impl.HelloSynService.
2019-03-25 17:41:17,526 INFO  main                             -  >>In Binding [jvm] Ends - com.example.service.impl.HelloSynService.
2019-03-25 17:41:17,535 INFO  main                             - Registering component: service:com.example.service.PersonService
2019-03-25 17:41:17,535 INFO  main                             -  <<PreOut Binding [bolt] Begins - com.example.service.PersonService.
2019-03-25 17:41:17,535 INFO  main                             -  <<PreOut Binding [bolt] Ends - com.example.service.PersonService.
2019-03-25 17:41:17,535 INFO  main                             -  <<PreOut Binding [rest] Begins - com.example.service.PersonService.
2019-03-25 17:41:17,543 INFO  main                             -  <<PreOut Binding [rest] Ends - com.example.service.PersonService.
2019-03-25 17:41:17,543 INFO  main                             -  <<Out Binding [bolt] Begins - com.example.service.PersonService.
2019-03-25 17:41:17,543 INFO  main                             -  <<Out Binding [bolt] Ends - com.example.service.PersonService.
2019-03-25 17:41:17,544 INFO  main                             -  <<Out Binding [rest] Begins - com.example.service.PersonService.
2019-03-25 17:41:17,906 INFO  main                             -  <<Out Binding [rest] Ends - com.example.service.PersonService.
2019-03-25 17:41:17,906 INFO  main                             - Register Service - com.example.service.PersonService
2019-03-25 17:41:17,908 INFO  main                             - Registering component: reference:com.example.service.PersonService:#1156389588
2019-03-25 17:41:17,908 INFO  main                             -  >>In Binding [bolt] Begins - com.example.service.PersonService.
2019-03-25 17:41:18,947 INFO  main                             -  >>In Binding [bolt] Ends - com.example.service.PersonService.
2019-03-25 17:41:18,947 INFO  main                             -  >>In Binding [jvm] Begins - com.example.service.PersonService.
2019-03-25 17:41:18,949 INFO  main                             -  >>In Binding [jvm] Ends - com.example.service.PersonService.
2019-03-25 17:41:18,952 INFO  main                             - Registering component: reference:com.example.service.PersonService:#-323753739
2019-03-25 17:41:18,952 INFO  main                             -  >>In Binding [rest] Begins - com.example.service.PersonService.
2019-03-25 17:41:22,458 INFO  main                             -  >>In Binding [rest] Ends - com.example.service.PersonService.
2019-03-25 17:41:22,458 INFO  main                             -  >>In Binding [jvm] Begins - com.example.service.PersonService.
2019-03-25 17:41:22,458 INFO  main                             -  >>In Binding [jvm] Ends - com.example.service.PersonService.
2019-03-25 17:41:22,462 INFO  main                             - Registering component: service:com.example.service.SimpleRestService
2019-03-25 17:41:22,462 INFO  main                             -  <<PreOut Binding [rest] Begins - com.example.service.SimpleRestService.
2019-03-25 17:41:22,462 INFO  main                             -  <<PreOut Binding [rest] Ends - com.example.service.SimpleRestService.
2019-03-25 17:41:22,462 INFO  main                             -  <<Out Binding [rest] Begins - com.example.service.SimpleRestService.
2019-03-25 17:41:22,493 INFO  main                             -  <<Out Binding [rest] Ends - com.example.service.SimpleRestService.
2019-03-25 17:41:22,494 INFO  main                             - Register Service - com.example.service.SimpleRestService
2019-03-25 17:41:22,501 INFO  main                             - Registering component: service:com.example.service.SimpleJvmService
2019-03-25 17:41:22,501 INFO  main                             -  <<PreOut Binding [jvm] Begins - com.example.service.SimpleJvmService.
2019-03-25 17:41:22,501 INFO  main                             -  <<PreOut Binding [jvm] Ends - com.example.service.SimpleJvmService.
2019-03-25 17:41:22,501 INFO  main                             -  <<Out Binding [jvm] Begins - com.example.service.SimpleJvmService.
2019-03-25 17:41:22,501 INFO  main                             -  <<Out Binding [jvm] Ends - com.example.service.SimpleJvmService.
2019-03-25 17:41:22,501 INFO  main                             - Register Service - com.example.service.SimpleJvmService
2019-03-25 17:41:22,504 INFO  main                             - Registering component: service:com.example.service.SimpleJvmService:serviceClientImpl
2019-03-25 17:41:22,504 INFO  main                             -  <<PreOut Binding [jvm] Begins - com.example.service.SimpleJvmService:serviceClientImpl.
2019-03-25 17:41:22,505 INFO  main                             -  <<PreOut Binding [jvm] Ends - com.example.service.SimpleJvmService:serviceClientImpl.
2019-03-25 17:41:22,505 INFO  main                             -  <<Out Binding [jvm] Begins - com.example.service.SimpleJvmService:serviceClientImpl.
2019-03-25 17:41:22,505 INFO  main                             -  <<Out Binding [jvm] Ends - com.example.service.SimpleJvmService:serviceClientImpl.
2019-03-25 17:41:22,505 INFO  main                             - Register Service - com.example.service.SimpleJvmService:serviceClientImpl
2019-03-25 17:41:22,508 INFO  main                             - Registering component: service:com.example.service.SimpleJvmService:annotationJvmServiceImpl
2019-03-25 17:41:22,508 INFO  main                             -  <<PreOut Binding [jvm] Begins - com.example.service.SimpleJvmService:annotationJvmServiceImpl.
2019-03-25 17:41:22,508 INFO  main                             -  <<PreOut Binding [jvm] Ends - com.example.service.SimpleJvmService:annotationJvmServiceImpl.
2019-03-25 17:41:22,508 INFO  main                             -  <<Out Binding [jvm] Begins - com.example.service.SimpleJvmService:annotationJvmServiceImpl.
2019-03-25 17:41:22,508 INFO  main                             -  <<Out Binding [jvm] Ends - com.example.service.SimpleJvmService:annotationJvmServiceImpl.
2019-03-25 17:41:22,508 INFO  main                             - Register Service - com.example.service.SimpleJvmService:annotationJvmServiceImpl
2019-03-25 17:41:44,739 INFO  main                             - SOFABoot Runtime Starting!
2019-03-25 17:41:46,501 INFO  main                             - Registering component: reference:com.example.service.SimpleJvmService:#414599042
2019-03-25 17:41:46,501 INFO  main                             -  >>In Binding [jvm] Begins - com.example.service.SimpleJvmService.
2019-03-25 17:41:46,503 INFO  main                             -  >>In Binding [jvm] Ends - com.example.service.SimpleJvmService.
2019-03-25 17:41:46,504 INFO  main                             - Registering component: reference:com.example.service.SimpleJvmService:annotationJvmServiceImpl#414599042
2019-03-25 17:41:46,504 INFO  main                             -  >>In Binding [jvm] Begins - com.example.service.SimpleJvmService:annotationJvmServiceImpl.
2019-03-25 17:41:46,504 INFO  main                             -  >>In Binding [jvm] Ends - com.example.service.SimpleJvmService:annotationJvmServiceImpl.
2019-03-25 17:41:46,504 INFO  main                             - Registering component: reference:com.example.service.SimpleJvmService:serviceClientImpl#414599042
2019-03-25 17:41:46,504 INFO  main                             -  >>In Binding [jvm] Begins - com.example.service.SimpleJvmService:serviceClientImpl.
2019-03-25 17:41:46,504 INFO  main                             -  >>In Binding [jvm] Ends - com.example.service.SimpleJvmService:serviceClientImpl.
2019-03-25 17:41:46,555 INFO  main                             - Registering component: service:com.example.service.DemoService
2019-03-25 17:41:46,555 INFO  main                             -  <<PreOut Binding [bolt] Begins - com.example.service.DemoService.
2019-03-25 17:41:47,468 INFO  main                             -  <<PreOut Binding [bolt] Ends - com.example.service.DemoService.
2019-03-25 17:41:47,469 INFO  main                             -  <<Out Binding [bolt] Begins - com.example.service.DemoService.
2019-03-25 17:41:47,505 INFO  main                             -  <<Out Binding [bolt] Ends - com.example.service.DemoService.
2019-03-25 17:41:47,505 INFO  main                             - Register Service - com.example.service.DemoService
2019-03-25 17:41:47,536 INFO  main                             - Registering component: service:com.example.service.impl.HelloSynService
2019-03-25 17:41:47,536 INFO  main                             -  <<PreOut Binding [bolt] Begins - com.example.service.impl.HelloSynService.
2019-03-25 17:41:47,537 INFO  main                             -  <<PreOut Binding [bolt] Ends - com.example.service.impl.HelloSynService.
2019-03-25 17:41:47,537 INFO  main                             -  <<Out Binding [bolt] Begins - com.example.service.impl.HelloSynService.
2019-03-25 17:41:47,537 INFO  main                             -  <<Out Binding [bolt] Ends - com.example.service.impl.HelloSynService.
2019-03-25 17:41:47,538 INFO  main                             - Register Service - com.example.service.impl.HelloSynService
2019-03-25 17:41:47,547 INFO  main                             - Registering component: reference:com.example.service.impl.HelloSynService:#-641241564
2019-03-25 17:41:47,548 INFO  main                             -  >>In Binding [bolt] Begins - com.example.service.impl.HelloSynService.
2019-03-25 17:41:51,318 INFO  main                             -  >>In Binding [bolt] Ends - com.example.service.impl.HelloSynService.
2019-03-25 17:41:51,318 INFO  main                             -  >>In Binding [jvm] Begins - com.example.service.impl.HelloSynService.
2019-03-25 17:41:51,322 INFO  main                             -  >>In Binding [jvm] Ends - com.example.service.impl.HelloSynService.
2019-03-25 17:41:51,330 INFO  main                             - Registering component: service:com.example.service.PersonService
2019-03-25 17:41:51,330 INFO  main                             -  <<PreOut Binding [bolt] Begins - com.example.service.PersonService.
2019-03-25 17:41:51,331 INFO  main                             -  <<PreOut Binding [bolt] Ends - com.example.service.PersonService.
2019-03-25 17:41:51,331 INFO  main                             -  <<PreOut Binding [rest] Begins - com.example.service.PersonService.
2019-03-25 17:41:51,338 INFO  main                             -  <<PreOut Binding [rest] Ends - com.example.service.PersonService.
2019-03-25 17:41:51,338 INFO  main                             -  <<Out Binding [bolt] Begins - com.example.service.PersonService.
2019-03-25 17:41:51,339 INFO  main                             -  <<Out Binding [bolt] Ends - com.example.service.PersonService.
2019-03-25 17:41:51,339 INFO  main                             -  <<Out Binding [rest] Begins - com.example.service.PersonService.
2019-03-25 17:41:51,704 INFO  main                             -  <<Out Binding [rest] Ends - com.example.service.PersonService.
2019-03-25 17:41:51,704 INFO  main                             - Register Service - com.example.service.PersonService
2019-03-25 17:41:51,706 INFO  main                             - Registering component: reference:com.example.service.PersonService:#38919642
2019-03-25 17:41:51,706 INFO  main                             -  >>In Binding [bolt] Begins - com.example.service.PersonService.
2019-03-25 17:41:52,727 INFO  main                             -  >>In Binding [bolt] Ends - com.example.service.PersonService.
2019-03-25 17:41:52,727 INFO  main                             -  >>In Binding [jvm] Begins - com.example.service.PersonService.
2019-03-25 17:41:52,729 INFO  main                             -  >>In Binding [jvm] Ends - com.example.service.PersonService.
2019-03-25 17:41:52,730 INFO  main                             - Registering component: reference:com.example.service.PersonService:#634998347
2019-03-25 17:41:52,730 INFO  main                             -  >>In Binding [rest] Begins - com.example.service.PersonService.
2019-03-25 17:41:56,236 INFO  main                             -  >>In Binding [rest] Ends - com.example.service.PersonService.
2019-03-25 17:41:56,236 INFO  main                             -  >>In Binding [jvm] Begins - com.example.service.PersonService.
2019-03-25 17:41:56,236 INFO  main                             -  >>In Binding [jvm] Ends - com.example.service.PersonService.
2019-03-25 17:41:56,241 INFO  main                             - Registering component: service:com.example.service.SimpleRestService
2019-03-25 17:41:56,241 INFO  main                             -  <<PreOut Binding [rest] Begins - com.example.service.SimpleRestService.
2019-03-25 17:41:56,242 INFO  main                             -  <<PreOut Binding [rest] Ends - com.example.service.SimpleRestService.
2019-03-25 17:41:56,242 INFO  main                             -  <<Out Binding [rest] Begins - com.example.service.SimpleRestService.
2019-03-25 17:41:56,260 INFO  main                             -  <<Out Binding [rest] Ends - com.example.service.SimpleRestService.
2019-03-25 17:41:56,260 INFO  main                             - Register Service - com.example.service.SimpleRestService
2019-03-25 17:41:56,265 INFO  main                             - Registering component: service:com.example.service.SimpleJvmService
2019-03-25 17:41:56,265 INFO  main                             -  <<PreOut Binding [jvm] Begins - com.example.service.SimpleJvmService.
2019-03-25 17:41:56,265 INFO  main                             -  <<PreOut Binding [jvm] Ends - com.example.service.SimpleJvmService.
2019-03-25 17:41:56,265 INFO  main                             -  <<Out Binding [jvm] Begins - com.example.service.SimpleJvmService.
2019-03-25 17:41:56,265 INFO  main                             -  <<Out Binding [jvm] Ends - com.example.service.SimpleJvmService.
2019-03-25 17:41:56,265 INFO  main                             - Register Service - com.example.service.SimpleJvmService
2019-03-25 17:41:56,268 INFO  main                             - Registering component: service:com.example.service.SimpleJvmService:serviceClientImpl
2019-03-25 17:41:56,268 INFO  main                             -  <<PreOut Binding [jvm] Begins - com.example.service.SimpleJvmService:serviceClientImpl.
2019-03-25 17:41:56,269 INFO  main                             -  <<PreOut Binding [jvm] Ends - com.example.service.SimpleJvmService:serviceClientImpl.
2019-03-25 17:41:56,269 INFO  main                             -  <<Out Binding [jvm] Begins - com.example.service.SimpleJvmService:serviceClientImpl.
2019-03-25 17:41:56,269 INFO  main                             -  <<Out Binding [jvm] Ends - com.example.service.SimpleJvmService:serviceClientImpl.
2019-03-25 17:41:56,269 INFO  main                             - Register Service - com.example.service.SimpleJvmService:serviceClientImpl
2019-03-25 17:41:56,273 INFO  main                             - Registering component: service:com.example.service.SimpleJvmService:annotationJvmServiceImpl
2019-03-25 17:41:56,273 INFO  main                             -  <<PreOut Binding [jvm] Begins - com.example.service.SimpleJvmService:annotationJvmServiceImpl.
2019-03-25 17:41:56,273 INFO  main                             -  <<PreOut Binding [jvm] Ends - com.example.service.SimpleJvmService:annotationJvmServiceImpl.
2019-03-25 17:41:56,274 INFO  main                             -  <<Out Binding [jvm] Begins - com.example.service.SimpleJvmService:annotationJvmServiceImpl.
2019-03-25 17:41:56,274 INFO  main                             -  <<Out Binding [jvm] Ends - com.example.service.SimpleJvmService:annotationJvmServiceImpl.
2019-03-25 17:41:56,274 INFO  main                             - Register Service - com.example.service.SimpleJvmService:annotationJvmServiceImpl
2019-03-25 17:42:53,300 INFO  main                             - SOFABoot Runtime Starting!
2019-03-25 17:42:54,962 INFO  main                             - Registering component: reference:com.example.service.SimpleJvmService:#414599042
2019-03-25 17:42:54,962 INFO  main                             -  >>In Binding [jvm] Begins - com.example.service.SimpleJvmService.
2019-03-25 17:42:54,965 INFO  main                             -  >>In Binding [jvm] Ends - com.example.service.SimpleJvmService.
2019-03-25 17:42:54,965 INFO  main                             - Registering component: reference:com.example.service.SimpleJvmService:annotationJvmServiceImpl#414599042
2019-03-25 17:42:54,965 INFO  main                             -  >>In Binding [jvm] Begins - com.example.service.SimpleJvmService:annotationJvmServiceImpl.
2019-03-25 17:42:54,965 INFO  main                             -  >>In Binding [jvm] Ends - com.example.service.SimpleJvmService:annotationJvmServiceImpl.
2019-03-25 17:42:54,965 INFO  main                             - Registering component: reference:com.example.service.SimpleJvmService:serviceClientImpl#414599042
2019-03-25 17:42:54,965 INFO  main                             -  >>In Binding [jvm] Begins - com.example.service.SimpleJvmService:serviceClientImpl.
2019-03-25 17:42:54,965 INFO  main                             -  >>In Binding [jvm] Ends - com.example.service.SimpleJvmService:serviceClientImpl.
2019-03-25 17:42:55,015 INFO  main                             - Registering component: service:com.example.service.DemoService
2019-03-25 17:42:55,015 INFO  main                             -  <<PreOut Binding [bolt] Begins - com.example.service.DemoService.
2019-03-25 17:42:55,928 INFO  main                             -  <<PreOut Binding [bolt] Ends - com.example.service.DemoService.
2019-03-25 17:42:55,928 INFO  main                             -  <<Out Binding [bolt] Begins - com.example.service.DemoService.
2019-03-25 17:42:55,963 INFO  main                             -  <<Out Binding [bolt] Ends - com.example.service.DemoService.
2019-03-25 17:42:55,963 INFO  main                             - Register Service - com.example.service.DemoService
2019-03-25 17:42:55,991 INFO  main                             - Registering component: service:com.example.service.impl.HelloSynService
2019-03-25 17:42:55,992 INFO  main                             -  <<PreOut Binding [bolt] Begins - com.example.service.impl.HelloSynService.
2019-03-25 17:42:55,992 INFO  main                             -  <<PreOut Binding [bolt] Ends - com.example.service.impl.HelloSynService.
2019-03-25 17:42:55,992 INFO  main                             -  <<Out Binding [bolt] Begins - com.example.service.impl.HelloSynService.
2019-03-25 17:42:55,993 INFO  main                             -  <<Out Binding [bolt] Ends - com.example.service.impl.HelloSynService.
2019-03-25 17:42:55,993 INFO  main                             - Register Service - com.example.service.impl.HelloSynService
2019-03-25 17:42:56,002 INFO  main                             - Registering component: reference:com.example.service.impl.HelloSynService:#-623345252
2019-03-25 17:42:56,002 INFO  main                             -  >>In Binding [bolt] Begins - com.example.service.impl.HelloSynService.
2019-03-25 17:42:59,848 INFO  main                             -  >>In Binding [bolt] Ends - com.example.service.impl.HelloSynService.
2019-03-25 17:42:59,849 INFO  main                             -  >>In Binding [jvm] Begins - com.example.service.impl.HelloSynService.
2019-03-25 17:42:59,858 INFO  main                             -  >>In Binding [jvm] Ends - com.example.service.impl.HelloSynService.
2019-03-25 17:42:59,876 INFO  main                             - Registering component: service:com.example.service.PersonService
2019-03-25 17:42:59,876 INFO  main                             -  <<PreOut Binding [bolt] Begins - com.example.service.PersonService.
2019-03-25 17:42:59,876 INFO  main                             -  <<PreOut Binding [bolt] Ends - com.example.service.PersonService.
2019-03-25 17:42:59,876 INFO  main                             -  <<PreOut Binding [rest] Begins - com.example.service.PersonService.
2019-03-25 17:42:59,888 INFO  main                             -  <<PreOut Binding [rest] Ends - com.example.service.PersonService.
2019-03-25 17:42:59,888 INFO  main                             -  <<Out Binding [bolt] Begins - com.example.service.PersonService.
2019-03-25 17:42:59,888 INFO  main                             -  <<Out Binding [bolt] Ends - com.example.service.PersonService.
2019-03-25 17:42:59,888 INFO  main                             -  <<Out Binding [rest] Begins - com.example.service.PersonService.
2019-03-25 17:43:00,283 INFO  main                             -  <<Out Binding [rest] Ends - com.example.service.PersonService.
2019-03-25 17:43:00,283 INFO  main                             - Register Service - com.example.service.PersonService
2019-03-25 17:43:00,287 INFO  main                             - Registering component: reference:com.example.service.PersonService:#1765529652
2019-03-25 17:43:00,287 INFO  main                             -  >>In Binding [bolt] Begins - com.example.service.PersonService.
2019-03-25 17:43:03,328 INFO  main                             -  >>In Binding [bolt] Ends - com.example.service.PersonService.
2019-03-25 17:43:03,328 INFO  main                             -  >>In Binding [jvm] Begins - com.example.service.PersonService.
2019-03-25 17:43:03,330 INFO  main                             -  >>In Binding [jvm] Ends - com.example.service.PersonService.
2019-03-25 17:43:03,332 INFO  main                             - Registering component: reference:com.example.service.PersonService:#285386325
2019-03-25 17:43:03,332 INFO  main                             -  >>In Binding [rest] Begins - com.example.service.PersonService.
2019-03-25 17:43:06,840 INFO  main                             -  >>In Binding [rest] Ends - com.example.service.PersonService.
2019-03-25 17:43:06,841 INFO  main                             -  >>In Binding [jvm] Begins - com.example.service.PersonService.
2019-03-25 17:43:06,842 INFO  main                             -  >>In Binding [jvm] Ends - com.example.service.PersonService.
2019-03-25 17:43:06,848 INFO  main                             - Registering component: service:com.example.service.SimpleRestService
2019-03-25 17:43:06,848 INFO  main                             -  <<PreOut Binding [rest] Begins - com.example.service.SimpleRestService.
2019-03-25 17:43:06,848 INFO  main                             -  <<PreOut Binding [rest] Ends - com.example.service.SimpleRestService.
2019-03-25 17:43:06,849 INFO  main                             -  <<Out Binding [rest] Begins - com.example.service.SimpleRestService.
2019-03-25 17:43:06,868 INFO  main                             -  <<Out Binding [rest] Ends - com.example.service.SimpleRestService.
2019-03-25 17:43:06,868 INFO  main                             - Register Service - com.example.service.SimpleRestService
2019-03-25 17:43:06,873 INFO  main                             - Registering component: service:com.example.service.SimpleJvmService
2019-03-25 17:43:06,873 INFO  main                             -  <<PreOut Binding [jvm] Begins - com.example.service.SimpleJvmService.
2019-03-25 17:43:06,873 INFO  main                             -  <<PreOut Binding [jvm] Ends - com.example.service.SimpleJvmService.
2019-03-25 17:43:06,874 INFO  main                             -  <<Out Binding [jvm] Begins - com.example.service.SimpleJvmService.
2019-03-25 17:43:06,874 INFO  main                             -  <<Out Binding [jvm] Ends - com.example.service.SimpleJvmService.
2019-03-25 17:43:06,874 INFO  main                             - Register Service - com.example.service.SimpleJvmService
2019-03-25 17:43:06,878 INFO  main                             - Registering component: service:com.example.service.SimpleJvmService:serviceClientImpl
2019-03-25 17:43:06,878 INFO  main                             -  <<PreOut Binding [jvm] Begins - com.example.service.SimpleJvmService:serviceClientImpl.
2019-03-25 17:43:06,878 INFO  main                             -  <<PreOut Binding [jvm] Ends - com.example.service.SimpleJvmService:serviceClientImpl.
2019-03-25 17:43:06,878 INFO  main                             -  <<Out Binding [jvm] Begins - com.example.service.SimpleJvmService:serviceClientImpl.
2019-03-25 17:43:06,878 INFO  main                             -  <<Out Binding [jvm] Ends - com.example.service.SimpleJvmService:serviceClientImpl.
2019-03-25 17:43:06,878 INFO  main                             - Register Service - com.example.service.SimpleJvmService:serviceClientImpl
2019-03-25 17:43:06,881 INFO  main                             - Registering component: service:com.example.service.SimpleJvmService:annotationJvmServiceImpl
2019-03-25 17:43:06,881 INFO  main                             -  <<PreOut Binding [jvm] Begins - com.example.service.SimpleJvmService:annotationJvmServiceImpl.
2019-03-25 17:43:06,882 INFO  main                             -  <<PreOut Binding [jvm] Ends - com.example.service.SimpleJvmService:annotationJvmServiceImpl.
2019-03-25 17:43:06,882 INFO  main                             -  <<Out Binding [jvm] Begins - com.example.service.SimpleJvmService:annotationJvmServiceImpl.
2019-03-25 17:43:06,882 INFO  main                             -  <<Out Binding [jvm] Ends - com.example.service.SimpleJvmService:annotationJvmServiceImpl.
2019-03-25 17:43:06,882 INFO  main                             - Register Service - com.example.service.SimpleJvmService:annotationJvmServiceImpl
2019-03-25 17:49:14,549 INFO  main                             - SOFABoot Runtime Starting!
2019-03-25 17:49:16,288 INFO  main                             - Registering component: reference:com.example.service.SimpleJvmService:#414599042
2019-03-25 17:49:16,289 INFO  main                             -  >>In Binding [jvm] Begins - com.example.service.SimpleJvmService.
2019-03-25 17:49:16,290 INFO  main                             -  >>In Binding [jvm] Ends - com.example.service.SimpleJvmService.
2019-03-25 17:49:16,291 INFO  main                             - Registering component: reference:com.example.service.SimpleJvmService:annotationJvmServiceImpl#414599042
2019-03-25 17:49:16,291 INFO  main                             -  >>In Binding [jvm] Begins - com.example.service.SimpleJvmService:annotationJvmServiceImpl.
2019-03-25 17:49:16,291 INFO  main                             -  >>In Binding [jvm] Ends - com.example.service.SimpleJvmService:annotationJvmServiceImpl.
2019-03-25 17:49:16,291 INFO  main                             - Registering component: reference:com.example.service.SimpleJvmService:serviceClientImpl#414599042
2019-03-25 17:49:16,291 INFO  main                             -  >>In Binding [jvm] Begins - com.example.service.SimpleJvmService:serviceClientImpl.
2019-03-25 17:49:16,291 INFO  main                             -  >>In Binding [jvm] Ends - com.example.service.SimpleJvmService:serviceClientImpl.
2019-03-25 17:49:16,346 INFO  main                             - Registering component: service:com.example.service.DemoService
2019-03-25 17:49:16,346 INFO  main                             -  <<PreOut Binding [bolt] Begins - com.example.service.DemoService.
2019-03-25 17:49:17,188 INFO  main                             -  <<PreOut Binding [bolt] Ends - com.example.service.DemoService.
2019-03-25 17:49:17,188 INFO  main                             -  <<Out Binding [bolt] Begins - com.example.service.DemoService.
2019-03-25 17:49:17,222 INFO  main                             -  <<Out Binding [bolt] Ends - com.example.service.DemoService.
2019-03-25 17:49:17,223 INFO  main                             - Register Service - com.example.service.DemoService
2019-03-25 17:49:17,252 INFO  main                             - Registering component: service:com.example.service.impl.HelloSynService
2019-03-25 17:49:17,253 INFO  main                             -  <<PreOut Binding [bolt] Begins - com.example.service.impl.HelloSynService.
2019-03-25 17:49:17,254 INFO  main                             -  <<PreOut Binding [bolt] Ends - com.example.service.impl.HelloSynService.
2019-03-25 17:49:17,254 INFO  main                             -  <<Out Binding [bolt] Begins - com.example.service.impl.HelloSynService.
2019-03-25 17:49:17,255 INFO  main                             -  <<Out Binding [bolt] Ends - com.example.service.impl.HelloSynService.
2019-03-25 17:49:17,255 INFO  main                             - Register Service - com.example.service.impl.HelloSynService
2019-03-25 17:49:17,265 INFO  main                             - Registering component: reference:com.example.service.impl.HelloSynService:#52653410
2019-03-25 17:49:17,265 INFO  main                             -  >>In Binding [bolt] Begins - com.example.service.impl.HelloSynService.
2019-03-25 17:49:21,152 INFO  main                             -  >>In Binding [bolt] Ends - com.example.service.impl.HelloSynService.
2019-03-25 17:49:21,152 INFO  main                             -  >>In Binding [jvm] Begins - com.example.service.impl.HelloSynService.
2019-03-25 17:49:21,156 INFO  main                             -  >>In Binding [jvm] Ends - com.example.service.impl.HelloSynService.
2019-03-25 17:49:21,173 INFO  main                             - Registering component: service:com.example.service.PersonService
2019-03-25 17:49:21,174 INFO  main                             -  <<PreOut Binding [bolt] Begins - com.example.service.PersonService.
2019-03-25 17:49:21,175 INFO  main                             -  <<PreOut Binding [bolt] Ends - com.example.service.PersonService.
2019-03-25 17:49:21,176 INFO  main                             -  <<PreOut Binding [rest] Begins - com.example.service.PersonService.
2019-03-25 17:49:21,183 INFO  main                             -  <<PreOut Binding [rest] Ends - com.example.service.PersonService.
2019-03-25 17:49:21,183 INFO  main                             -  <<Out Binding [bolt] Begins - com.example.service.PersonService.
2019-03-25 17:49:21,184 INFO  main                             -  <<Out Binding [bolt] Ends - com.example.service.PersonService.
2019-03-25 17:49:21,184 INFO  main                             -  <<Out Binding [rest] Begins - com.example.service.PersonService.
2019-03-25 17:49:21,600 INFO  main                             -  <<Out Binding [rest] Ends - com.example.service.PersonService.
2019-03-25 17:49:21,600 INFO  main                             - Register Service - com.example.service.PersonService
2019-03-25 17:49:21,602 INFO  main                             - Registering component: reference:com.example.service.PersonService:#-1853438982
2019-03-25 17:49:21,603 INFO  main                             -  >>In Binding [bolt] Begins - com.example.service.PersonService.
2019-03-25 17:49:24,616 INFO  main                             -  >>In Binding [bolt] Ends - com.example.service.PersonService.
2019-03-25 17:49:24,617 INFO  main                             -  >>In Binding [jvm] Begins - com.example.service.PersonService.
2019-03-25 17:49:24,620 INFO  main                             -  >>In Binding [jvm] Ends - com.example.service.PersonService.
2019-03-25 17:49:24,621 INFO  main                             - Registering component: reference:com.example.service.PersonService:#961384987
2019-03-25 17:49:24,622 INFO  main                             -  >>In Binding [rest] Begins - com.example.service.PersonService.
2019-03-25 17:49:28,140 INFO  main                             -  >>In Binding [rest] Ends - com.example.service.PersonService.
2019-03-25 17:49:28,140 INFO  main                             -  >>In Binding [jvm] Begins - com.example.service.PersonService.
2019-03-25 17:49:28,141 INFO  main                             -  >>In Binding [jvm] Ends - com.example.service.PersonService.
2019-03-25 17:49:28,145 INFO  main                             - Registering component: service:com.example.service.SimpleRestService
2019-03-25 17:49:28,145 INFO  main                             -  <<PreOut Binding [rest] Begins - com.example.service.SimpleRestService.
2019-03-25 17:49:28,145 INFO  main                             -  <<PreOut Binding [rest] Ends - com.example.service.SimpleRestService.
2019-03-25 17:49:28,145 INFO  main                             -  <<Out Binding [rest] Begins - com.example.service.SimpleRestService.
2019-03-25 17:49:28,164 INFO  main                             -  <<Out Binding [rest] Ends - com.example.service.SimpleRestService.
2019-03-25 17:49:28,164 INFO  main                             - Register Service - com.example.service.SimpleRestService
2019-03-25 17:49:28,169 INFO  main                             - Registering component: service:com.example.service.SimpleJvmService
2019-03-25 17:49:28,169 INFO  main                             -  <<PreOut Binding [jvm] Begins - com.example.service.SimpleJvmService.
2019-03-25 17:49:28,169 INFO  main                             -  <<PreOut Binding [jvm] Ends - com.example.service.SimpleJvmService.
2019-03-25 17:49:28,169 INFO  main                             -  <<Out Binding [jvm] Begins - com.example.service.SimpleJvmService.
2019-03-25 17:49:28,169 INFO  main                             -  <<Out Binding [jvm] Ends - com.example.service.SimpleJvmService.
2019-03-25 17:49:28,169 INFO  main                             - Register Service - com.example.service.SimpleJvmService
2019-03-25 17:49:28,173 INFO  main                             - Registering component: service:com.example.service.SimpleJvmService:serviceClientImpl
2019-03-25 17:49:28,173 INFO  main                             -  <<PreOut Binding [jvm] Begins - com.example.service.SimpleJvmService:serviceClientImpl.
2019-03-25 17:49:28,173 INFO  main                             -  <<PreOut Binding [jvm] Ends - com.example.service.SimpleJvmService:serviceClientImpl.
2019-03-25 17:49:28,173 INFO  main                             -  <<Out Binding [jvm] Begins - com.example.service.SimpleJvmService:serviceClientImpl.
2019-03-25 17:49:28,173 INFO  main                             -  <<Out Binding [jvm] Ends - com.example.service.SimpleJvmService:serviceClientImpl.
2019-03-25 17:49:28,173 INFO  main                             - Register Service - com.example.service.SimpleJvmService:serviceClientImpl
2019-03-25 17:49:28,176 INFO  main                             - Registering component: service:com.example.service.SimpleJvmService:annotationJvmServiceImpl
2019-03-25 17:49:28,177 INFO  main                             -  <<PreOut Binding [jvm] Begins - com.example.service.SimpleJvmService:annotationJvmServiceImpl.
2019-03-25 17:49:28,177 INFO  main                             -  <<PreOut Binding [jvm] Ends - com.example.service.SimpleJvmService:annotationJvmServiceImpl.
2019-03-25 17:49:28,177 INFO  main                             -  <<Out Binding [jvm] Begins - com.example.service.SimpleJvmService:annotationJvmServiceImpl.
2019-03-25 17:49:28,177 INFO  main                             -  <<Out Binding [jvm] Ends - com.example.service.SimpleJvmService:annotationJvmServiceImpl.
2019-03-25 17:49:28,177 INFO  main                             - Register Service - com.example.service.SimpleJvmService:annotationJvmServiceImpl
2019-03-25 17:49:59,797 INFO  main                             - SOFABoot Runtime Starting!
2019-03-25 17:50:01,497 INFO  main                             - Registering component: reference:com.example.service.SimpleJvmService:#414599042
2019-03-25 17:50:01,497 INFO  main                             -  >>In Binding [jvm] Begins - com.example.service.SimpleJvmService.
2019-03-25 17:50:01,501 INFO  main                             -  >>In Binding [jvm] Ends - com.example.service.SimpleJvmService.
2019-03-25 17:50:01,501 INFO  main                             - Registering component: reference:com.example.service.SimpleJvmService:annotationJvmServiceImpl#414599042
2019-03-25 17:50:01,501 INFO  main                             -  >>In Binding [jvm] Begins - com.example.service.SimpleJvmService:annotationJvmServiceImpl.
2019-03-25 17:50:01,501 INFO  main                             -  >>In Binding [jvm] Ends - com.example.service.SimpleJvmService:annotationJvmServiceImpl.
2019-03-25 17:50:01,501 INFO  main                             - Registering component: reference:com.example.service.SimpleJvmService:serviceClientImpl#414599042
2019-03-25 17:50:01,501 INFO  main                             -  >>In Binding [jvm] Begins - com.example.service.SimpleJvmService:serviceClientImpl.
2019-03-25 17:50:01,501 INFO  main                             -  >>In Binding [jvm] Ends - com.example.service.SimpleJvmService:serviceClientImpl.
2019-03-25 17:50:01,551 INFO  main                             - Registering component: service:com.example.service.DemoService
2019-03-25 17:50:01,551 INFO  main                             -  <<PreOut Binding [bolt] Begins - com.example.service.DemoService.
2019-03-25 17:50:02,323 INFO  main                             -  <<PreOut Binding [bolt] Ends - com.example.service.DemoService.
2019-03-25 17:50:02,324 INFO  main                             -  <<Out Binding [bolt] Begins - com.example.service.DemoService.
2019-03-25 17:50:02,363 INFO  main                             -  <<Out Binding [bolt] Ends - com.example.service.DemoService.
2019-03-25 17:50:02,363 INFO  main                             - Register Service - com.example.service.DemoService
2019-03-25 17:50:02,398 INFO  main                             - Registering component: service:com.example.service.impl.HelloSynService
2019-03-25 17:50:02,399 INFO  main                             -  <<PreOut Binding [bolt] Begins - com.example.service.impl.HelloSynService.
2019-03-25 17:50:02,399 INFO  main                             -  <<PreOut Binding [bolt] Ends - com.example.service.impl.HelloSynService.
2019-03-25 17:50:02,399 INFO  main                             -  <<Out Binding [bolt] Begins - com.example.service.impl.HelloSynService.
2019-03-25 17:50:02,401 INFO  main                             -  <<Out Binding [bolt] Ends - com.example.service.impl.HelloSynService.
2019-03-25 17:50:02,401 INFO  main                             - Register Service - com.example.service.impl.HelloSynService
2019-03-25 17:50:02,409 INFO  main                             - Registering component: reference:com.example.service.impl.HelloSynService:#997542586
2019-03-25 17:50:02,410 INFO  main                             -  >>In Binding [bolt] Begins - com.example.service.impl.HelloSynService.
2019-03-25 17:50:06,257 INFO  main                             -  >>In Binding [bolt] Ends - com.example.service.impl.HelloSynService.
2019-03-25 17:50:06,257 INFO  main                             -  >>In Binding [jvm] Begins - com.example.service.impl.HelloSynService.
2019-03-25 17:50:06,261 INFO  main                             -  >>In Binding [jvm] Ends - com.example.service.impl.HelloSynService.
2019-03-25 17:50:06,269 INFO  main                             - Registering component: service:com.example.service.PersonService
2019-03-25 17:50:06,269 INFO  main                             -  <<PreOut Binding [bolt] Begins - com.example.service.PersonService.
2019-03-25 17:50:06,270 INFO  main                             -  <<PreOut Binding [bolt] Ends - com.example.service.PersonService.
2019-03-25 17:50:06,270 INFO  main                             -  <<PreOut Binding [rest] Begins - com.example.service.PersonService.
2019-03-25 17:50:06,275 INFO  main                             -  <<PreOut Binding [rest] Ends - com.example.service.PersonService.
2019-03-25 17:50:06,275 INFO  main                             -  <<Out Binding [bolt] Begins - com.example.service.PersonService.
2019-03-25 17:50:06,276 INFO  main                             -  <<Out Binding [bolt] Ends - com.example.service.PersonService.
2019-03-25 17:50:06,276 INFO  main                             -  <<Out Binding [rest] Begins - com.example.service.PersonService.
2019-03-25 17:50:06,646 INFO  main                             -  <<Out Binding [rest] Ends - com.example.service.PersonService.
2019-03-25 17:50:06,646 INFO  main                             - Register Service - com.example.service.PersonService
2019-03-25 17:50:06,648 INFO  main                             - Registering component: reference:com.example.service.PersonService:#-908549806
2019-03-25 17:50:06,648 INFO  main                             -  >>In Binding [bolt] Begins - com.example.service.PersonService.
2019-03-25 17:50:09,669 INFO  main                             -  >>In Binding [bolt] Ends - com.example.service.PersonService.
2019-03-25 17:50:09,669 INFO  main                             -  >>In Binding [jvm] Begins - com.example.service.PersonService.
2019-03-25 17:50:09,671 INFO  main                             -  >>In Binding [jvm] Ends - com.example.service.PersonService.
2019-03-25 17:50:09,673 INFO  main                             - Registering component: reference:com.example.service.PersonService:#1906274163
2019-03-25 17:50:09,673 INFO  main                             -  >>In Binding [rest] Begins - com.example.service.PersonService.
2019-03-25 17:50:13,178 INFO  main                             -  >>In Binding [rest] Ends - com.example.service.PersonService.
2019-03-25 17:50:13,178 INFO  main                             -  >>In Binding [jvm] Begins - com.example.service.PersonService.
2019-03-25 17:50:13,178 INFO  main                             -  >>In Binding [jvm] Ends - com.example.service.PersonService.
2019-03-25 17:50:13,182 INFO  main                             - Registering component: service:com.example.service.SimpleRestService
2019-03-25 17:50:13,182 INFO  main                             -  <<PreOut Binding [rest] Begins - com.example.service.SimpleRestService.
2019-03-25 17:50:13,183 INFO  main                             -  <<PreOut Binding [rest] Ends - com.example.service.SimpleRestService.
2019-03-25 17:50:13,183 INFO  main                             -  <<Out Binding [rest] Begins - com.example.service.SimpleRestService.
2019-03-25 17:50:13,200 INFO  main                             -  <<Out Binding [rest] Ends - com.example.service.SimpleRestService.
2019-03-25 17:50:13,200 INFO  main                             - Register Service - com.example.service.SimpleRestService
2019-03-25 17:50:13,206 INFO  main                             - Registering component: service:com.example.service.SimpleJvmService
2019-03-25 17:50:13,206 INFO  main                             -  <<PreOut Binding [jvm] Begins - com.example.service.SimpleJvmService.
2019-03-25 17:50:13,206 INFO  main                             -  <<PreOut Binding [jvm] Ends - com.example.service.SimpleJvmService.
2019-03-25 17:50:13,206 INFO  main                             -  <<Out Binding [jvm] Begins - com.example.service.SimpleJvmService.
2019-03-25 17:50:13,206 INFO  main                             -  <<Out Binding [jvm] Ends - com.example.service.SimpleJvmService.
2019-03-25 17:50:13,206 INFO  main                             - Register Service - com.example.service.SimpleJvmService
2019-03-25 17:50:13,209 INFO  main                             - Registering component: service:com.example.service.SimpleJvmService:serviceClientImpl
2019-03-25 17:50:13,210 INFO  main                             -  <<PreOut Binding [jvm] Begins - com.example.service.SimpleJvmService:serviceClientImpl.
2019-03-25 17:50:13,210 INFO  main                             -  <<PreOut Binding [jvm] Ends - com.example.service.SimpleJvmService:serviceClientImpl.
2019-03-25 17:50:13,210 INFO  main                             -  <<Out Binding [jvm] Begins - com.example.service.SimpleJvmService:serviceClientImpl.
2019-03-25 17:50:13,210 INFO  main                             -  <<Out Binding [jvm] Ends - com.example.service.SimpleJvmService:serviceClientImpl.
2019-03-25 17:50:13,210 INFO  main                             - Register Service - com.example.service.SimpleJvmService:serviceClientImpl
2019-03-25 17:50:13,214 INFO  main                             - Registering component: service:com.example.service.SimpleJvmService:annotationJvmServiceImpl
2019-03-25 17:50:13,214 INFO  main                             -  <<PreOut Binding [jvm] Begins - com.example.service.SimpleJvmService:annotationJvmServiceImpl.
2019-03-25 17:50:13,214 INFO  main                             -  <<PreOut Binding [jvm] Ends - com.example.service.SimpleJvmService:annotationJvmServiceImpl.
2019-03-25 17:50:13,214 INFO  main                             -  <<Out Binding [jvm] Begins - com.example.service.SimpleJvmService:annotationJvmServiceImpl.
2019-03-25 17:50:13,214 INFO  main                             -  <<Out Binding [jvm] Ends - com.example.service.SimpleJvmService:annotationJvmServiceImpl.
2019-03-25 17:50:13,214 INFO  main                             - Register Service - com.example.service.SimpleJvmService:annotationJvmServiceImpl
